Arguments: 
  C:\Program Files\nodejs\node.exe C:\Program Files (x86)\Yarn\bin\yarn.js install

PATH: 
  C:\Python311\Scripts\;C:\Python311\;C:\Program Files\Docker\Docker\Resources\bin;C:\Program Files (x86)\Common Files\Intel\Shared Libraries\redist\intel64\compiler;C:\Program Files (x86)\Razer\ChromaBroadcast\bin;C:\Program Files\Razer\ChromaBroadcast\bin;C:\Python39\Scripts\;C:\Python39\;C:\Python38\Scripts\;C:\Python38\;C:\Windows\system32;C:\Windows;C:\Windows\System32\Wbem;C:\Windows\System32\WindowsPowerShell\v1.0\;C:\Windows\System32\OpenSSH\;C:\ProgramData\chocolatey\bin;C:\Program Files (x86)\Yarn\bin\;C:\Windows\system32\config\systemprofile\AppData\Local\Microsoft\WindowsApps;C:\Program Files (x86)\Common Files\Acronis\SnapAPI\;C:\Program Files (x86)\ATI Technologies\ATI.ACE\Core-Static;C:\Program Files (x86)\Common Files\Acronis\VirtualFile\;C:\Program Files (x86)\Common Files\Acronis\VirtualFile64\;C:\Program Files (x86)\Common Files\Acronis\FileProtector\;C:\Program Files (x86)\Common Files\Acronis\FileProtector64\;C:\ProgramData\DockerDesktop\version-bin;C:\HashiCorp\Vagrant\bin;C:\Program Files\Git\cmd;C:\Users\user\AppData\Roaming\nvm;C:\Program Files\nodejs;C:\WINDOWS\system32;C:\WINDOWS;C:\WINDOWS\System32\Wbem;C:\WINDOWS\System32\WindowsPowerShell\v1.0\;C:\WINDOWS\System32\OpenSSH\;C:\Program Files\nodejs\;C:\Users\user\AppData\Local\pnpm;C:\Program Files\MySQL\MySQL Shell 8.0\bin\;C:\Users\user\AppData\Local\Microsoft\WindowsApps;C:\Program Files\JetBrains\PhpStorm 2021.1.1\bin;C:\Users\user\AppData\Local\Google\Cloud SDK\google-cloud-sdk\bin;C:\Users\user\AppData\Local\Yarn\bin;C:\Program Files\heroku\bin;C:\Users\user\AppData\Local\Programs\Microsoft VS Code\bin;C:\Users\user\AppData\Local\GitHubDesktop\bin;C:\Users\user\AppData\Local\JetBrains\Toolbox\scripts;C:\Users\user\AppData\Roaming\nvm;C:\Program Files\nodejs;C:\Users\user\development\flutter\bin;;C:\Users\user\AppData\Local\Microsoft\WindowsApps;C:\Users\user\AppData\Roaming\npm;C:\Program Files (x86)\BrowserStackLocal\

Yarn version: 
  1.22.5

Node version: 
  18.12.0

Platform: 
  win32 x64

Trace: 
  Error: EPERM: operation not permitted, unlink 'C:\Users\user\PhpstormProjects\vite-project\node_modules\@esbuild\win32-x64\esbuild.exe'

npm manifest: 
  {
    "name": "infinite",
    "version": "0.0.1",
    "scripts": {
      "dev": "vite",
      "build": "vite build",
      "serve": "vite preview"
    },
    "dependencies": {
      "@popperjs/core": "^2.6.0",
      "@vueuse/core": "^4.0.8",
      "bootstrap": "^5.0.0-beta1",
      "bootstrap-icons": "^1.3.0",
      "firebase": "^8.2.9",
      "vue": "^3.5.0-beta.3",
      "vue-i18n": "^9.0.0-rc.2",
      "vue-router": "^4.0.3",
      "vuex": "^4.0.0-rc.2"
    },
    "devDependencies": {
      "@vitejs/plugin-vue": "^5.1.2",
      "@vue/compiler-sfc": "^3.4.36",
      "sass": "^1.32.8",
      "sass-loader": "^10.1.1",
      "vite": "^5.4.0"
    }
  }

yarn manifest: 
  No manifest

Lockfile: 
  # THIS IS AN AUTOGENERATED FILE. DO NOT EDIT THIS FILE DIRECTLY.
  # yarn lockfile v1
  
  
  "@babel/helper-string-parser@^7.24.8":
    "integrity" "sha512-pO9KhhRcuUyGnJWwyEgnRJTSIZHiT+vMD0kPeD+so0l7mxkMT19g3pjY9GTnHySck/hDzq+dtW/4VgnMkippsQ=="
    "resolved" "https://registry.npmjs.org/@babel/helper-string-parser/-/helper-string-parser-7.24.8.tgz"
    "version" "7.24.8"
  
  "@babel/helper-validator-identifier@^7.24.7":
    "integrity" "sha512-rR+PBcQ1SMQDDyF6X0wxtG8QyLCgUB0eRAGguqRLfkCA87l7yAP7ehq8SNj96OOGTO8OBV70KhuFYcIkHXOg0w=="
    "resolved" "https://registry.npmjs.org/@babel/helper-validator-identifier/-/helper-validator-identifier-7.24.7.tgz"
    "version" "7.24.7"
  
  "@babel/parser@^7.24.7", "@babel/parser@^7.25.3":
    "integrity" "sha512-iLTJKDbJ4hMvFPgQwwsVoxtHyWpKKPBrxkANrSYewDPaPpT5py5yeVkgPIJ7XYXhndxJpaA3PyALSXQ7u8e/Dw=="
    "resolved" "https://registry.npmjs.org/@babel/parser/-/parser-7.25.3.tgz"
    "version" "7.25.3"
    dependencies:
      "@babel/types" "^7.25.2"
  
  "@babel/types@^7.25.2":
    "integrity" "sha512-YTnYtra7W9e6/oAZEHj0bJehPRUlLH9/fbpT5LfB0NhQXyALCRkRs3zH9v07IYhkgpqX6Z78FnuccZr/l4Fs4Q=="
    "resolved" "https://registry.npmjs.org/@babel/types/-/types-7.25.2.tgz"
    "version" "7.25.2"
    dependencies:
      "@babel/helper-string-parser" "^7.24.8"
      "@babel/helper-validator-identifier" "^7.24.7"
      "to-fast-properties" "^2.0.0"
  
  "@esbuild/win32-x64@0.21.5":
    "integrity" "sha512-tQd/1efJuzPC6rCFwEvLtci/xNFcTZknmXs98FYDfGE4wP9ClFV98nyKrzJKVPMhdDnjzLhdUyMX4PsQAPjwIw=="
    "resolved" "https://registry.npmjs.org/@esbuild/win32-x64/-/win32-x64-0.21.5.tgz"
    "version" "0.21.5"
  
  "@firebase/analytics-types@0.6.0":
    "integrity" "sha512-kbMawY0WRPyL/lbknBkme4CNLl+Gw+E9G4OpNeXAauqoQiNkBgpIvZYy7BRT4sNGhZbxdxXxXbruqUwDzLmvTw=="
    "resolved" "https://registry.npmjs.org/@firebase/analytics-types/-/analytics-types-0.6.0.tgz"
    "version" "0.6.0"
  
  "@firebase/analytics@0.6.18":
    "integrity" "sha512-FXNtYDxbs9ynPbzUVuG94BjFPOPpgJ7156660uvCBuKgoBCIVcNqKkJQQ7TH8384fqvGjbjdcgARY9jgAHbtog=="
    "resolved" "https://registry.npmjs.org/@firebase/analytics/-/analytics-0.6.18.tgz"
    "version" "0.6.18"
    dependencies:
      "@firebase/analytics-types" "0.6.0"
      "@firebase/component" "0.5.6"
      "@firebase/installations" "0.4.32"
      "@firebase/logger" "0.2.6"
      "@firebase/util" "1.3.0"
      "tslib" "^2.1.0"
  
  "@firebase/app-check-interop-types@0.1.0":
    "integrity" "sha512-uZfn9s4uuRsaX5Lwx+gFP3B6YsyOKUE+Rqa6z9ojT4VSRAsZFko9FRn6OxQUA1z5t5d08fY4pf+/+Dkd5wbdbA=="
    "resolved" "https://registry.npmjs.org/@firebase/app-check-interop-types/-/app-check-interop-types-0.1.0.tgz"
    "version" "0.1.0"
  
  "@firebase/app-check-types@0.3.1":
    "integrity" "sha512-KJ+BqJbdNsx4QT/JIT1yDj5p6D+QN97iJs3GuHnORrqL+DU3RWc9nSYQsrY6Tv9jVWcOkMENXAgDT484vzsm2w=="
    "resolved" "https://registry.npmjs.org/@firebase/app-check-types/-/app-check-types-0.3.1.tgz"
    "version" "0.3.1"
  
  "@firebase/app-check@0.3.2":
    "integrity" "sha512-YjpsnV1xVTO1B836IKijRcDeceLgHQNJ/DWa+Vky9UHkm1Mi4qosddX8LZzldaWRTWKX7BN1MbZOLY8r7M/MZQ=="
    "resolved" "https://registry.npmjs.org/@firebase/app-check/-/app-check-0.3.2.tgz"
    "version" "0.3.2"
    dependencies:
      "@firebase/app-check-interop-types" "0.1.0"
      "@firebase/app-check-types" "0.3.1"
      "@firebase/component" "0.5.6"
      "@firebase/logger" "0.2.6"
      "@firebase/util" "1.3.0"
      "tslib" "^2.1.0"
  
  "@firebase/app-types@0.6.3", "@firebase/app-types@0.x":
    "integrity" "sha512-/M13DPPati7FQHEQ9Minjk1HGLm/4K4gs9bR4rzLCWJg64yGtVC0zNg9gDpkw9yc2cvol/mNFxqTtd4geGrwdw=="
    "resolved" "https://registry.npmjs.org/@firebase/app-types/-/app-types-0.6.3.tgz"
    "version" "0.6.3"
  
  "@firebase/app@0.6.30", "@firebase/app@0.x":
    "integrity" "sha512-uAYEDXyK0mmpZ8hWQj5TNd7WVvfsU8PgsqKpGljbFBG/HhsH8KbcykWAAA+c1PqL7dt/dbt0Reh1y9zEdYzMhg=="
    "resolved" "https://registry.npmjs.org/@firebase/app/-/app-0.6.30.tgz"
    "version" "0.6.30"
    dependencies:
      "@firebase/app-types" "0.6.3"
      "@firebase/component" "0.5.6"
      "@firebase/logger" "0.2.6"
      "@firebase/util" "1.3.0"
      "dom-storage" "2.1.0"
      "tslib" "^2.1.0"
      "xmlhttprequest" "1.8.0"
  
  "@firebase/auth-interop-types@0.1.6":
    "integrity" "sha512-etIi92fW3CctsmR9e3sYM3Uqnoq861M0Id9mdOPF6PWIg38BXL5k4upCNBggGUpLIS0H1grMOvy/wn1xymwe2g=="
    "resolved" "https://registry.npmjs.org/@firebase/auth-interop-types/-/auth-interop-types-0.1.6.tgz"
    "version" "0.1.6"
  
  "@firebase/auth-types@0.10.3":
    "integrity" "sha512-zExrThRqyqGUbXOFrH/sowuh2rRtfKHp9SBVY2vOqKWdCX1Ztn682n9WLtlUDsiYVIbBcwautYWk2HyCGFv0OA=="
    "resolved" "https://registry.npmjs.org/@firebase/auth-types/-/auth-types-0.10.3.tgz"
    "version" "0.10.3"
  
  "@firebase/auth@0.16.8":
    "integrity" "sha512-mR0UXG4LirWIfOiCWxVmvz1o23BuKGxeItQ2cCUgXLTjNtWJXdcky/356iTUsd7ZV5A78s2NHeN5tIDDG6H4rg=="
    "resolved" "https://registry.npmjs.org/@firebase/auth/-/auth-0.16.8.tgz"
    "version" "0.16.8"
    dependencies:
      "@firebase/auth-types" "0.10.3"
  
  "@firebase/component@0.5.6":
    "integrity" "sha512-GyQJ+2lrhsDqeGgd1VdS7W+Y6gNYyI0B51ovNTxeZVG/W8I7t9MwEiCWsCvfm5wQgfsKp9dkzOcJrL5k8oVO/Q=="
    "resolved" "https://registry.npmjs.org/@firebase/component/-/component-0.5.6.tgz"
    "version" "0.5.6"
    dependencies:
      "@firebase/util" "1.3.0"
      "tslib" "^2.1.0"
  
  "@firebase/database-types@0.8.0":
    "integrity" "sha512-7IdjAFRfPWyG3b4wcXyghb3Y1CLCSJFZIg1xl5GbTVMttSQFT4B5NYdhsfA34JwAsv5pMzPpjOaS3/K9XJ2KiA=="
    "resolved" "https://registry.npmjs.org/@firebase/database-types/-/database-types-0.8.0.tgz"
    "version" "0.8.0"
    dependencies:
      "@firebase/app-types" "0.6.3"
      "@firebase/util" "1.3.0"
  
  "@firebase/database@0.11.0":
    "integrity" "sha512-b/kwvCubr6G9coPlo48PbieBDln7ViFBHOGeVt/bt82yuv5jYZBEYAac/mtOVSxpf14aMo/tAN+Edl6SWqXApw=="
    "resolved" "https://registry.npmjs.org/@firebase/database/-/database-0.11.0.tgz"
    "version" "0.11.0"
    dependencies:
      "@firebase/auth-interop-types" "0.1.6"
      "@firebase/component" "0.5.6"
      "@firebase/database-types" "0.8.0"
      "@firebase/logger" "0.2.6"
      "@firebase/util" "1.3.0"
      "faye-websocket" "0.11.3"
      "tslib" "^2.1.0"
  
  "@firebase/firestore-types@2.4.0":
    "integrity" "sha512-0dgwfuNP7EN6/OlK2HSNSQiQNGLGaRBH0gvgr1ngtKKJuJFuq0Z48RBMeJX9CGjV4TP9h2KaB+KrUKJ5kh1hMg=="
    "resolved" "https://registry.npmjs.org/@firebase/firestore-types/-/firestore-types-2.4.0.tgz"
    "version" "2.4.0"
  
  "@firebase/firestore@2.4.1":
    "integrity" "sha512-S51XnILdhNt0ZA6bPnbxpqKPI5LatbGY9RQjA2TmATrjSPE3aWndJsLIrutI6aS9K+YFwy5+HLDKVRFYQfmKAw=="
    "resolved" "https://registry.npmjs.org/@firebase/firestore/-/firestore-2.4.1.tgz"
    "version" "2.4.1"
    dependencies:
      "@firebase/component" "0.5.6"
      "@firebase/firestore-types" "2.4.0"
      "@firebase/logger" "0.2.6"
      "@firebase/util" "1.3.0"
      "@firebase/webchannel-wrapper" "0.5.1"
      "@grpc/grpc-js" "^1.3.2"
      "@grpc/proto-loader" "^0.6.0"
      "node-fetch" "2.6.7"
      "tslib" "^2.1.0"
  
  "@firebase/functions-types@0.4.0":
    "integrity" "sha512-3KElyO3887HNxtxNF1ytGFrNmqD+hheqjwmT3sI09FaDCuaxGbOnsXAXH2eQ049XRXw9YQpHMgYws/aUNgXVyQ=="
    "resolved" "https://registry.npmjs.org/@firebase/functions-types/-/functions-types-0.4.0.tgz"
    "version" "0.4.0"
  
  "@firebase/functions@0.6.16":
    "integrity" "sha512-KDPjLKSjtR/zEH06YXXbdWTi8gzbKHGRzL/+ibZQA/1MLq0IilfM+1V1Fh8bADsMCUkxkqoc1yiA4SUbH5ajJA=="
    "resolved" "https://registry.npmjs.org/@firebase/functions/-/functions-0.6.16.tgz"
    "version" "0.6.16"
    dependencies:
      "@firebase/component" "0.5.6"
      "@firebase/functions-types" "0.4.0"
      "@firebase/messaging-types" "0.5.0"
      "node-fetch" "2.6.7"
      "tslib" "^2.1.0"
  
  "@firebase/installations-types@0.3.4":
    "integrity" "sha512-RfePJFovmdIXb6rYwtngyxuEcWnOrzdZd9m7xAW0gRxDIjBT20n3BOhjpmgRWXo/DAxRmS7bRjWAyTHY9cqN7Q=="
    "resolved" "https://registry.npmjs.org/@firebase/installations-types/-/installations-types-0.3.4.tgz"
    "version" "0.3.4"
  
  "@firebase/installations@0.4.32":
    "integrity" "sha512-K4UlED1Vrhd2rFQQJih+OgEj8OTtrtH4+Izkx7ip2bhXSc+unk8ZhnF69D0kmh7zjXAqEDJrmHs9O5fI3rV6Tw=="
    "resolved" "https://registry.npmjs.org/@firebase/installations/-/installations-0.4.32.tgz"
    "version" "0.4.32"
    dependencies:
      "@firebase/component" "0.5.6"
      "@firebase/installations-types" "0.3.4"
      "@firebase/util" "1.3.0"
      "idb" "3.0.2"
      "tslib" "^2.1.0"
  
  "@firebase/logger@0.2.6":
    "integrity" "sha512-KIxcUvW/cRGWlzK9Vd2KB864HlUnCfdTH0taHE0sXW5Xl7+W68suaeau1oKNEqmc3l45azkd4NzXTCWZRZdXrw=="
    "resolved" "https://registry.npmjs.org/@firebase/logger/-/logger-0.2.6.tgz"
    "version" "0.2.6"
  
  "@firebase/messaging-types@0.5.0":
    "integrity" "sha512-QaaBswrU6umJYb/ZYvjR5JDSslCGOH6D9P136PhabFAHLTR4TWjsaACvbBXuvwrfCXu10DtcjMxqfhdNIB1Xfg=="
    "resolved" "https://registry.npmjs.org/@firebase/messaging-types/-/messaging-types-0.5.0.tgz"
    "version" "0.5.0"
  
  "@firebase/messaging@0.8.0":
    "integrity" "sha512-hkFHDyVe1kMcY9KEG+prjCbvS6MtLUgVFUbbQqq7JQfiv58E07YCzRUcMrJolbNi/1QHH6Jv16DxNWjJB9+/qA=="
    "resolved" "https://registry.npmjs.org/@firebase/messaging/-/messaging-0.8.0.tgz"
    "version" "0.8.0"
    dependencies:
      "@firebase/component" "0.5.6"
      "@firebase/installations" "0.4.32"
      "@firebase/messaging-types" "0.5.0"
      "@firebase/util" "1.3.0"
      "idb" "3.0.2"
      "tslib" "^2.1.0"
  
  "@firebase/performance-types@0.0.13":
    "integrity" "sha512-6fZfIGjQpwo9S5OzMpPyqgYAUZcFzZxHFqOyNtorDIgNXq33nlldTL/vtaUZA8iT9TT5cJlCrF/jthKU7X21EA=="
    "resolved" "https://registry.npmjs.org/@firebase/performance-types/-/performance-types-0.0.13.tgz"
    "version" "0.0.13"
  
  "@firebase/performance@0.4.18":
    "integrity" "sha512-lvZW/TVDne2TyOpWbv++zjRn277HZpbjxbIPfwtnmKjVY1gJ+H77Qi1c2avVIc9hg80uGX/5tNf4pOApNDJLVg=="
    "resolved" "https://registry.npmjs.org/@firebase/performance/-/performance-0.4.18.tgz"
    "version" "0.4.18"
    dependencies:
      "@firebase/component" "0.5.6"
      "@firebase/installations" "0.4.32"
      "@firebase/logger" "0.2.6"
      "@firebase/performance-types" "0.0.13"
      "@firebase/util" "1.3.0"
      "tslib" "^2.1.0"
  
  "@firebase/polyfill@0.3.36":
    "integrity" "sha512-zMM9oSJgY6cT2jx3Ce9LYqb0eIpDE52meIzd/oe/y70F+v9u1LDqk5kUF5mf16zovGBWMNFmgzlsh6Wj0OsFtg=="
    "resolved" "https://registry.npmjs.org/@firebase/polyfill/-/polyfill-0.3.36.tgz"
    "version" "0.3.36"
    dependencies:
      "core-js" "3.6.5"
      "promise-polyfill" "8.1.3"
      "whatwg-fetch" "2.0.4"
  
  "@firebase/remote-config-types@0.1.9":
    "integrity" "sha512-G96qnF3RYGbZsTRut7NBX0sxyczxt1uyCgXQuH/eAfUCngxjEGcZQnBdy6mvSdqdJh5mC31rWPO4v9/s7HwtzA=="
    "resolved" "https://registry.npmjs.org/@firebase/remote-config-types/-/remote-config-types-0.1.9.tgz"
    "version" "0.1.9"
  
  "@firebase/remote-config@0.1.43":
    "integrity" "sha512-laNM4MN0CfeSp7XCVNjYOC4DdV6mj0l2rzUh42x4v2wLTweCoJ/kc1i4oWMX9TI7Jw8Am5Wl71Awn1J2pVe5xA=="
    "resolved" "https://registry.npmjs.org/@firebase/remote-config/-/remote-config-0.1.43.tgz"
    "version" "0.1.43"
    dependencies:
      "@firebase/component" "0.5.6"
      "@firebase/installations" "0.4.32"
      "@firebase/logger" "0.2.6"
      "@firebase/remote-config-types" "0.1.9"
      "@firebase/util" "1.3.0"
      "tslib" "^2.1.0"
  
  "@firebase/storage-types@0.5.0":
    "integrity" "sha512-6Wv3Lu7s18hsgW7HG4BFwycTquZ3m/C8bjBoOsmPu0TD6M1GKwCzOC7qBdN7L6tRYPh8ipTj5+rPFrmhGfUVKA=="
    "resolved" "https://registry.npmjs.org/@firebase/storage-types/-/storage-types-0.5.0.tgz"
    "version" "0.5.0"
  
  "@firebase/storage@0.7.1":
    "integrity" "sha512-T7uH6lAgNs/Zq8V3ElvR3ypTQSGWon/R7WRM2I5Td/d0PTsNIIHSAGB6q4Au8mQEOz3HDTfjNQ9LuQ07R6S2ug=="
    "resolved" "https://registry.npmjs.org/@firebase/storage/-/storage-0.7.1.tgz"
    "version" "0.7.1"
    dependencies:
      "@firebase/component" "0.5.6"
      "@firebase/storage-types" "0.5.0"
      "@firebase/util" "1.3.0"
      "node-fetch" "2.6.7"
      "tslib" "^2.1.0"
  
  "@firebase/util@1.3.0", "@firebase/util@1.x":
    "integrity" "sha512-SESvmYwuKOVCZ1ZxLbberbx+9cnbxpCa4CG2FUSQYqN6Ab8KyltegMDIsqMw5KyIBZ4n1phfHoOa22xo5NzAlQ=="
    "resolved" "https://registry.npmjs.org/@firebase/util/-/util-1.3.0.tgz"
    "version" "1.3.0"
    dependencies:
      "tslib" "^2.1.0"
  
  "@firebase/webchannel-wrapper@0.5.1":
    "integrity" "sha512-dZMzN0uAjwJXWYYAcnxIwXqRTZw3o14hGe7O6uhwjD1ZQWPVYA5lASgnNskEBra0knVBsOXB4KXg+HnlKewN/A=="
    "resolved" "https://registry.npmjs.org/@firebase/webchannel-wrapper/-/webchannel-wrapper-0.5.1.tgz"
    "version" "0.5.1"
  
  "@grpc/grpc-js@^1.3.2":
    "integrity" "sha512-gyt/WayZrVPH2w/UTLansS7F9Nwld472JxxaETamrM8HNlsa+jSLNyKAZmhxI2Me4c3mQHFiS1wWHDY1g1Kthw=="
    "resolved" "https://registry.npmjs.org/@grpc/grpc-js/-/grpc-js-1.11.1.tgz"
    "version" "1.11.1"
    dependencies:
      "@grpc/proto-loader" "^0.7.13"
      "@js-sdsl/ordered-map" "^4.4.2"
  
  "@grpc/proto-loader@^0.6.0":
    "integrity" "sha512-FjxPYDRTn6Ec3V0arm1FtSpmP6V50wuph2yILpyvTKzjc76oDdoihXqM1DzOW5ubvCC8GivfCnNtfaRE8myJ7g=="
    "resolved" "https://registry.npmjs.org/@grpc/proto-loader/-/proto-loader-0.6.13.tgz"
    "version" "0.6.13"
    dependencies:
      "@types/long" "^4.0.1"
      "lodash.camelcase" "^4.3.0"
      "long" "^4.0.0"
      "protobufjs" "^6.11.3"
      "yargs" "^16.2.0"
  
  "@grpc/proto-loader@^0.7.13":
    "integrity" "sha512-AiXO/bfe9bmxBjxxtYxFAXGZvMaN5s8kO+jBHAJCON8rJoB5YS/D6X7ZNc6XQkuHNmyl4CYaMI1fJ/Gn27RGGw=="
    "resolved" "https://registry.npmjs.org/@grpc/proto-loader/-/proto-loader-0.7.13.tgz"
    "version" "0.7.13"
    dependencies:
      "lodash.camelcase" "^4.3.0"
      "long" "^5.0.0"
      "protobufjs" "^7.2.5"
      "yargs" "^17.7.2"
  
  "@intlify/core-base@9.13.1":
    "integrity" "sha512-+bcQRkJO9pcX8d0gel9ZNfrzU22sZFSA0WVhfXrf5jdJOS24a+Bp8pozuS9sBI9Hk/tGz83pgKfmqcn/Ci7/8w=="
    "resolved" "https://registry.npmjs.org/@intlify/core-base/-/core-base-9.13.1.tgz"
    "version" "9.13.1"
    dependencies:
      "@intlify/message-compiler" "9.13.1"
      "@intlify/shared" "9.13.1"
  
  "@intlify/message-compiler@9.13.1":
    "integrity" "sha512-SKsVa4ajYGBVm7sHMXd5qX70O2XXjm55zdZB3VeMFCvQyvLew/dLvq3MqnaIsTMF1VkkOb9Ttr6tHcMlyPDL9w=="
    "resolved" "https://registry.npmjs.org/@intlify/message-compiler/-/message-compiler-9.13.1.tgz"
    "version" "9.13.1"
    dependencies:
      "@intlify/shared" "9.13.1"
      "source-map-js" "^1.0.2"
  
  "@intlify/shared@9.13.1":
    "integrity" "sha512-u3b6BKGhE6j/JeRU6C/RL2FgyJfy6LakbtfeVF8fJXURpZZTzfh3e05J0bu0XPw447Q6/WUp3C4ajv4TMS4YsQ=="
    "resolved" "https://registry.npmjs.org/@intlify/shared/-/shared-9.13.1.tgz"
    "version" "9.13.1"
  
  "@jridgewell/gen-mapping@^0.3.5":
    "integrity" "sha512-IzL8ZoEDIBRWEzlCcRhOaCupYyN5gdIK+Q6fbFdPDg6HqX6jpkItn7DFIpW9LQzXG6Df9sA7+OKnq0qlz/GaQg=="
    "resolved" "https://registry.npmjs.org/@jridgewell/gen-mapping/-/gen-mapping-0.3.5.tgz"
    "version" "0.3.5"
    dependencies:
      "@jridgewell/set-array" "^1.2.1"
      "@jridgewell/sourcemap-codec" "^1.4.10"
      "@jridgewell/trace-mapping" "^0.3.24"
  
  "@jridgewell/resolve-uri@^3.1.0":
    "integrity" "sha512-bRISgCIjP20/tbWSPWMEi54QVPRZExkuD9lJL+UIxUKtwVJA8wW1Trb1jMs1RFXo1CBTNZ/5hpC9QvmKWdopKw=="
    "resolved" "https://registry.npmjs.org/@jridgewell/resolve-uri/-/resolve-uri-3.1.2.tgz"
    "version" "3.1.2"
  
  "@jridgewell/set-array@^1.2.1":
    "integrity" "sha512-R8gLRTZeyp03ymzP/6Lil/28tGeGEzhx1q2k703KGWRAI1VdvPIXdG70VJc2pAMw3NA6JKL5hhFu1sJX0Mnn/A=="
    "resolved" "https://registry.npmjs.org/@jridgewell/set-array/-/set-array-1.2.1.tgz"
    "version" "1.2.1"
  
  "@jridgewell/source-map@^0.3.3":
    "integrity" "sha512-1ZJTZebgqllO79ue2bm3rIGud/bOe0pP5BjSRCRxxYkEZS8STV7zN84UBbiYu7jy+eCKSnVIUgoWWE/tt+shMQ=="
    "resolved" "https://registry.npmjs.org/@jridgewell/source-map/-/source-map-0.3.6.tgz"
    "version" "0.3.6"
    dependencies:
      "@jridgewell/gen-mapping" "^0.3.5"
      "@jridgewell/trace-mapping" "^0.3.25"
  
  "@jridgewell/sourcemap-codec@^1.4.10", "@jridgewell/sourcemap-codec@^1.4.14", "@jridgewell/sourcemap-codec@^1.5.0":
    "integrity" "sha512-gv3ZRaISU3fjPAgNsriBRqGWQL6quFx04YMPW/zD8XMLsU32mhCCbfbO6KZFLjvYpCZ8zyDEgqsgf+PwPaM7GQ=="
    "resolved" "https://registry.npmjs.org/@jridgewell/sourcemap-codec/-/sourcemap-codec-1.5.0.tgz"
    "version" "1.5.0"
  
  "@jridgewell/trace-mapping@^0.3.20", "@jridgewell/trace-mapping@^0.3.24", "@jridgewell/trace-mapping@^0.3.25":
    "integrity" "sha512-vNk6aEwybGtawWmy/PzwnGDOjCkLWSD2wqvjGGAgOAwCGWySYXfYoxt00IJkTF+8Lb57DwOb3Aa0o9CApepiYQ=="
    "resolved" "https://registry.npmjs.org/@jridgewell/trace-mapping/-/trace-mapping-0.3.25.tgz"
    "version" "0.3.25"
    dependencies:
      "@jridgewell/resolve-uri" "^3.1.0"
      "@jridgewell/sourcemap-codec" "^1.4.14"
  
  "@js-sdsl/ordered-map@^4.4.2":
    "integrity" "sha512-iUKgm52T8HOE/makSxjqoWhe95ZJA1/G1sYsGev2JDKUSS14KAgg1LHb+Ba+IPow0xflbnSkOsZcO08C7w1gYw=="
    "resolved" "https://registry.npmjs.org/@js-sdsl/ordered-map/-/ordered-map-4.4.2.tgz"
    "version" "4.4.2"
  
  "@popperjs/core@^2.11.8", "@popperjs/core@^2.6.0":
    "integrity" "sha512-P1st0aksCrn9sGZhp8GMYwBnQsbvAWsZAX44oXNNvLHGqAOcoVxmjZiohstwQ7SqKnbR47akdNi+uleWD8+g6A=="
    "resolved" "https://registry.npmjs.org/@popperjs/core/-/core-2.11.8.tgz"
    "version" "2.11.8"
  
  "@protobufjs/aspromise@^1.1.1", "@protobufjs/aspromise@^1.1.2":
    "integrity" "sha512-j+gKExEuLmKwvz3OgROXtrJ2UG2x8Ch2YZUxahh+s1F2HZ+wAceUNLkvy6zKCPVRkU++ZWQrdxsUeQXmcg4uoQ=="
    "resolved" "https://registry.npmjs.org/@protobufjs/aspromise/-/aspromise-1.1.2.tgz"
    "version" "1.1.2"
  
  "@protobufjs/base64@^1.1.2":
    "integrity" "sha512-AZkcAA5vnN/v4PDqKyMR5lx7hZttPDgClv83E//FMNhR2TMcLUhfRUBHCmSl0oi9zMgDDqRUJkSxO3wm85+XLg=="
    "resolved" "https://registry.npmjs.org/@protobufjs/base64/-/base64-1.1.2.tgz"
    "version" "1.1.2"
  
  "@protobufjs/codegen@^2.0.4":
    "integrity" "sha512-YyFaikqM5sH0ziFZCN3xDC7zeGaB/d0IUb9CATugHWbd1FRFwWwt4ld4OYMPWu5a3Xe01mGAULCdqhMlPl29Jg=="
    "resolved" "https://registry.npmjs.org/@protobufjs/codegen/-/codegen-2.0.4.tgz"
    "version" "2.0.4"
  
  "@protobufjs/eventemitter@^1.1.0":
    "integrity" "sha512-j9ednRT81vYJ9OfVuXG6ERSTdEL1xVsNgqpkxMsbIabzSo3goCjDIveeGv5d03om39ML71RdmrGNjG5SReBP/Q=="
    "resolved" "https://registry.npmjs.org/@protobufjs/eventemitter/-/eventemitter-1.1.0.tgz"
    "version" "1.1.0"
  
  "@protobufjs/fetch@^1.1.0":
    "integrity" "sha512-lljVXpqXebpsijW71PZaCYeIcE5on1w5DlQy5WH6GLbFryLUrBD4932W/E2BSpfRJWseIL4v/KPgBFxDOIdKpQ=="
    "resolved" "https://registry.npmjs.org/@protobufjs/fetch/-/fetch-1.1.0.tgz"
    "version" "1.1.0"
    dependencies:
      "@protobufjs/aspromise" "^1.1.1"
      "@protobufjs/inquire" "^1.1.0"
  
  "@protobufjs/float@^1.0.2":
    "integrity" "sha512-Ddb+kVXlXst9d+R9PfTIxh1EdNkgoRe5tOX6t01f1lYWOvJnSPDBlG241QLzcyPdoNTsblLUdujGSE4RzrTZGQ=="
    "resolved" "https://registry.npmjs.org/@protobufjs/float/-/float-1.0.2.tgz"
    "version" "1.0.2"
  
  "@protobufjs/inquire@^1.1.0":
    "integrity" "sha512-kdSefcPdruJiFMVSbn801t4vFK7KB/5gd2fYvrxhuJYg8ILrmn9SKSX2tZdV6V+ksulWqS7aXjBcRXl3wHoD9Q=="
    "resolved" "https://registry.npmjs.org/@protobufjs/inquire/-/inquire-1.1.0.tgz"
    "version" "1.1.0"
  
  "@protobufjs/path@^1.1.2":
    "integrity" "sha512-6JOcJ5Tm08dOHAbdR3GrvP+yUUfkjG5ePsHYczMFLq3ZmMkAD98cDgcT2iA1lJ9NVwFd4tH/iSSoe44YWkltEA=="
    "resolved" "https://registry.npmjs.org/@protobufjs/path/-/path-1.1.2.tgz"
    "version" "1.1.2"
  
  "@protobufjs/pool@^1.1.0":
    "integrity" "sha512-0kELaGSIDBKvcgS4zkjz1PeddatrjYcmMWOlAuAPwAeccUrPHdUqo/J6LiymHHEiJT5NrF1UVwxY14f+fy4WQw=="
    "resolved" "https://registry.npmjs.org/@protobufjs/pool/-/pool-1.1.0.tgz"
    "version" "1.1.0"
  
  "@protobufjs/utf8@^1.1.0":
    "integrity" "sha512-Vvn3zZrhQZkkBE8LSuW3em98c0FwgO4nxzv6OdSxPKJIEKY2bGbHn+mhGIPerzI4twdxaP8/0+06HBpwf345Lw=="
    "resolved" "https://registry.npmjs.org/@protobufjs/utf8/-/utf8-1.1.0.tgz"
    "version" "1.1.0"
  
  "@rollup/rollup-win32-x64-msvc@4.20.0":
    "integrity" "sha512-aJ1EJSuTdGnM6qbVC4B5DSmozPTqIag9fSzXRNNo+humQLG89XpPgdt16Ia56ORD7s+H8Pmyx44uczDQ0yDzpg=="
    "resolved" "https://registry.npmjs.org/@rollup/rollup-win32-x64-msvc/-/rollup-win32-x64-msvc-4.20.0.tgz"
    "version" "4.20.0"
  
  "@types/eslint-scope@^3.7.3":
    "integrity" "sha512-MzMFlSLBqNF2gcHWO0G1vP/YQyfvrxZ0bF+u7mzUdZ1/xK4A4sru+nraZz5i3iEIk1l1uyicaDVTB4QbbEkAYg=="
    "resolved" "https://registry.npmjs.org/@types/eslint-scope/-/eslint-scope-3.7.7.tgz"
    "version" "3.7.7"
    dependencies:
      "@types/eslint" "*"
      "@types/estree" "*"
  
  "@types/eslint@*":
    "integrity" "sha512-gi6WQJ7cHRgZxtkQEoyHMppPjq9Kxo5Tjn2prSKDSmZrCz8TZ3jSRCeTJm+WoM+oB0WG37bRqLzaaU3q7JypGg=="
    "resolved" "https://registry.npmjs.org/@types/eslint/-/eslint-9.6.0.tgz"
    "version" "9.6.0"
    dependencies:
      "@types/estree" "*"
      "@types/json-schema" "*"
  
  "@types/estree@*", "@types/estree@^1.0.5", "@types/estree@1.0.5":
    "integrity" "sha512-/kYRxGDLWzHOB7q+wtSUQlFrtcdUccpfy+X+9iMBpHK8QLLhx2wIPYuS5DYtR9Wa/YlZAbIovy7qVdB1Aq6Lyw=="
    "resolved" "https://registry.npmjs.org/@types/estree/-/estree-1.0.5.tgz"
    "version" "1.0.5"
  
  "@types/json-schema@*", "@types/json-schema@^7.0.8":
    "integrity" "sha512-5+fP8P8MFNC+AyZCDxrB2pkZFPGzqQWUzpSeuuVLvm8VMcorNYavBqoFcxK8bQz4Qsbn4oUEEem4wDLfcysGHA=="
    "resolved" "https://registry.npmjs.org/@types/json-schema/-/json-schema-7.0.15.tgz"
    "version" "7.0.15"
  
  "@types/long@^4.0.1":
    "integrity" "sha512-MqTGEo5bj5t157U6fA/BiDynNkn0YknVdh48CMPkTSpFTVmvao5UQmm7uEF6xBEo7qIMAlY/JSleYaE6VOdpaA=="
    "resolved" "https://registry.npmjs.org/@types/long/-/long-4.0.2.tgz"
    "version" "4.0.2"
  
  "@types/node@*", "@types/node@^18.0.0 || >=20.0.0", "@types/node@>=13.7.0":
    "integrity" "sha512-AOmuRF0R2/5j1knA3c6G3HOk523Ga+l+ZXltX8SF1+5oqcXijjfTd8fY3XRZqSihEu9XhtQnKYLmkFaoxgsJHw=="
    "resolved" "https://registry.npmjs.org/@types/node/-/node-22.1.0.tgz"
    "version" "22.1.0"
    dependencies:
      "undici-types" "~6.13.0"
  
  "@vitejs/plugin-vue@^5.1.2":
    "integrity" "sha512-nY9IwH12qeiJqumTCLJLE7IiNx7HZ39cbHaysEUd+Myvbz9KAqd2yq+U01Kab1R/H1BmiyM2ShTYlNH32Fzo3A=="
    "resolved" "https://registry.npmjs.org/@vitejs/plugin-vue/-/plugin-vue-5.1.2.tgz"
    "version" "5.1.2"
  
  "@vue/compiler-core@3.4.36":
    "integrity" "sha512-qBkndgpwFKdupmOPoiS10i7oFdN7a+4UNDlezD0GlQ1kuA1pNrscg9g12HnB5E8hrWSuEftRsbJhL1HI2zpJhg=="
    "resolved" "https://registry.npmjs.org/@vue/compiler-core/-/compiler-core-3.4.36.tgz"
    "version" "3.4.36"
    dependencies:
      "@babel/parser" "^7.24.7"
      "@vue/shared" "3.4.36"
      "entities" "^5.0.0"
      "estree-walker" "^2.0.2"
      "source-map-js" "^1.2.0"
  
  "@vue/compiler-core@3.5.0-beta.3":
    "integrity" "sha512-88gac5IIPIXEp74H5EFd5+SENbe4qd0TjtNBqUlD0QZdZ1/4WJIVWL79VRsp24LPBBUvQM5ddfMl8meUXr97jw=="
    "resolved" "https://registry.npmjs.org/@vue/compiler-core/-/compiler-core-3.5.0-beta.3.tgz"
    "version" "3.5.0-beta.3"
    dependencies:
      "@babel/parser" "^7.25.3"
      "@vue/shared" "3.5.0-beta.3"
      "entities" "^4.5.0"
      "estree-walker" "^2.0.2"
      "source-map-js" "^1.2.0"
  
  "@vue/compiler-dom@3.4.36":
    "integrity" "sha512-eEIjy4GwwZTFon/Y+WO8tRRNGqylaRlA79T1RLhUpkOzJ7EtZkkb8MurNfkqY6x6Qiu0R7ESspEF7GkPR/4yYg=="
    "resolved" "https://registry.npmjs.org/@vue/compiler-dom/-/compiler-dom-3.4.36.tgz"
    "version" "3.4.36"
    dependencies:
      "@vue/compiler-core" "3.4.36"
      "@vue/shared" "3.4.36"
  
  "@vue/compiler-dom@3.5.0-beta.3":
    "integrity" "sha512-KMp24vqXvxmqO7/mds1Nb8fkQrYHhQdHZX7LvpRiHsHweAWZ7IC4jLrWg4//gs3kBmhxjKx5AE/f0uHuX6UT0Q=="
    "resolved" "https://registry.npmjs.org/@vue/compiler-dom/-/compiler-dom-3.5.0-beta.3.tgz"
    "version" "3.5.0-beta.3"
    dependencies:
      "@vue/compiler-core" "3.5.0-beta.3"
      "@vue/shared" "3.5.0-beta.3"
  
  "@vue/compiler-sfc@^3.4.36":
    "integrity" "sha512-rhuHu7qztt/rNH90dXPTzhB7hLQT2OC4s4GrPVqmzVgPY4XBlfWmcWzn4bIPEWNImt0CjO7kfHAf/1UXOtx3vw=="
    "resolved" "https://registry.npmjs.org/@vue/compiler-sfc/-/compiler-sfc-3.4.36.tgz"
    "version" "3.4.36"
    dependencies:
      "@babel/parser" "^7.24.7"
      "@vue/compiler-core" "3.4.36"
      "@vue/compiler-dom" "3.4.36"
      "@vue/compiler-ssr" "3.4.36"
      "@vue/shared" "3.4.36"
      "estree-walker" "^2.0.2"
      "magic-string" "^0.30.10"
      "postcss" "^8.4.40"
      "source-map-js" "^1.2.0"
  
  "@vue/compiler-sfc@3.5.0-beta.3":
    "integrity" "sha512-gbMW3KXuKgNO8aOOZ5xJcDs9wq8LNnIc0ZlboMZ7CcqjW6L8jIIPZps9ewwT8RUNvKoxl7MoPPvgeWJvlKRlfw=="
    "resolved" "https://registry.npmjs.org/@vue/compiler-sfc/-/compiler-sfc-3.5.0-beta.3.tgz"
    "version" "3.5.0-beta.3"
    dependencies:
      "@babel/parser" "^7.25.3"
      "@vue/compiler-core" "3.5.0-beta.3"
      "@vue/compiler-dom" "3.5.0-beta.3"
      "@vue/compiler-ssr" "3.5.0-beta.3"
      "@vue/shared" "3.5.0-beta.3"
      "estree-walker" "^2.0.2"
      "magic-string" "^0.30.11"
      "postcss" "^8.4.41"
      "source-map-js" "^1.2.0"
  
  "@vue/compiler-ssr@3.4.36":
    "integrity" "sha512-Wt1zyheF0zVvRJyhY74uxQbnkXV2Le/JPOrAxooR4rFYKC7cFr+cRqW6RU3cM/bsTy7sdZ83IDuy/gLPSfPGng=="
    "resolved" "https://registry.npmjs.org/@vue/compiler-ssr/-/compiler-ssr-3.4.36.tgz"
    "version" "3.4.36"
    dependencies:
      "@vue/compiler-dom" "3.4.36"
      "@vue/shared" "3.4.36"
  
  "@vue/compiler-ssr@3.5.0-beta.3":
    "integrity" "sha512-6SQhCb8dqnipwcZzA888lbs15GNp/YmzIfoFqCGBlyDWFz77wGdbDEV+cCHOwGU4kzwDCAuoFki6UL0h/kYoxQ=="
    "resolved" "https://registry.npmjs.org/@vue/compiler-ssr/-/compiler-ssr-3.5.0-beta.3.tgz"
    "version" "3.5.0-beta.3"
    dependencies:
      "@vue/compiler-dom" "3.5.0-beta.3"
      "@vue/shared" "3.5.0-beta.3"
  
  "@vue/devtools-api@^6.0.0-beta.11", "@vue/devtools-api@^6.5.0", "@vue/devtools-api@^6.6.3":
    "integrity" "sha512-0MiMsFma/HqA6g3KLKn+AGpL1kgKhFWszC9U29NfpWK5LE7bjeXxySWJrOJ77hBz+TBrBQ7o4QJqbPbqbs8rJw=="
    "resolved" "https://registry.npmjs.org/@vue/devtools-api/-/devtools-api-6.6.3.tgz"
    "version" "6.6.3"
  
  "@vue/reactivity@3.5.0-beta.3":
    "integrity" "sha512-vtg6+iwb8h7cHy9X8G0z059yZoZvBt8nD64Os12uy+iDZ8TaKketU9q0Sa1pmCRq/T7xEeXr23BEOxP5LBkJ0g=="
    "resolved" "https://registry.npmjs.org/@vue/reactivity/-/reactivity-3.5.0-beta.3.tgz"
    "version" "3.5.0-beta.3"
    dependencies:
      "@vue/shared" "3.5.0-beta.3"
  
  "@vue/runtime-core@3.5.0-beta.3":
    "integrity" "sha512-WGW2j2aoJbJEWVlIezzvVWeiPTlkgZxp42PdaWm3ZzP1JsASHoIq6fCMo3bFxvH9pxPhgjYQxtrfyuVofQUVKA=="
    "resolved" "https://registry.npmjs.org/@vue/runtime-core/-/runtime-core-3.5.0-beta.3.tgz"
    "version" "3.5.0-beta.3"
    dependencies:
      "@vue/reactivity" "3.5.0-beta.3"
      "@vue/shared" "3.5.0-beta.3"
  
  "@vue/runtime-dom@3.5.0-beta.3":
    "integrity" "sha512-1hUBqEubv64aQN+qBuxJrsUGZJqTDodtMtjXfmjrbl2ZwdcBQhKONqZJRAdNCF320Nh3PivhmrMaGt43/6npkg=="
    "resolved" "https://registry.npmjs.org/@vue/runtime-dom/-/runtime-dom-3.5.0-beta.3.tgz"
    "version" "3.5.0-beta.3"
    dependencies:
      "@vue/reactivity" "3.5.0-beta.3"
      "@vue/runtime-core" "3.5.0-beta.3"
      "@vue/shared" "3.5.0-beta.3"
      "csstype" "^3.1.3"
  
  "@vue/server-renderer@3.5.0-beta.3":
    "integrity" "sha512-mSkHAQyELQyAfV/nSW7/bMQF8pdT8BYWKtgJiubAGKLWc1kZMk1GzUx+CumD/UJ1EbeWt79QIiRG6Q4HNx2cCA=="
    "resolved" "https://registry.npmjs.org/@vue/server-renderer/-/server-renderer-3.5.0-beta.3.tgz"
    "version" "3.5.0-beta.3"
    dependencies:
      "@vue/compiler-ssr" "3.5.0-beta.3"
      "@vue/shared" "3.5.0-beta.3"
  
  "@vue/shared@3.4.36":
    "integrity" "sha512-fdPLStwl1sDfYuUftBaUVn2pIrVFDASYerZSrlBvVBfylObPA1gtcWJHy5Ox8jLEJ524zBibss488Q3SZtU1uA=="
    "resolved" "https://registry.npmjs.org/@vue/shared/-/shared-3.4.36.tgz"
    "version" "3.4.36"
  
  "@vue/shared@3.5.0-beta.3":
    "integrity" "sha512-MLtDZlcJILbDwrcyZK/Mtf5mhebiRZggJ3BZeXaFe5RaQVVbirMIBBhvv8ujtAuweioD92np86LsjWcgg0JebQ=="
    "resolved" "https://registry.npmjs.org/@vue/shared/-/shared-3.5.0-beta.3.tgz"
    "version" "3.5.0-beta.3"
  
  "@vueuse/core@^4.0.8":
    "integrity" "sha512-4A17XvKXpMR6829EVWvrdSKEeAjTWaiC3+xh51KEtlyCwvWQwZ0xwKDrbMj+e15ANxjHrTw/0bJVaWDfPQt/Pw=="
    "resolved" "https://registry.npmjs.org/@vueuse/core/-/core-4.11.2.tgz"
    "version" "4.11.2"
    dependencies:
      "@vueuse/shared" "4.11.2"
      "vue-demi" "*"
  
  "@vueuse/shared@4.11.2":
    "integrity" "sha512-vTbTi6ou7ljH3CkKVoaIaCAoWB5T1ewSogpL6VnO1duMPNuiv7x8K/LunMbnTg4tVyt6QwaiCuEq/kyS6AUBRg=="
    "resolved" "https://registry.npmjs.org/@vueuse/shared/-/shared-4.11.2.tgz"
    "version" "4.11.2"
    dependencies:
      "vue-demi" "*"
  
  "@webassemblyjs/ast@^1.12.1", "@webassemblyjs/ast@1.12.1":
    "integrity" "sha512-EKfMUOPRRUTy5UII4qJDGPpqfwjOmZ5jeGFwid9mnoqIFK+e0vqoi1qH56JpmZSzEL53jKnNzScdmftJyG5xWg=="
    "resolved" "https://registry.npmjs.org/@webassemblyjs/ast/-/ast-1.12.1.tgz"
    "version" "1.12.1"
    dependencies:
      "@webassemblyjs/helper-numbers" "1.11.6"
      "@webassemblyjs/helper-wasm-bytecode" "1.11.6"
  
  "@webassemblyjs/floating-point-hex-parser@1.11.6":
    "integrity" "sha512-ejAj9hfRJ2XMsNHk/v6Fu2dGS+i4UaXBXGemOfQ/JfQ6mdQg/WXtwleQRLLS4OvfDhv8rYnVwH27YJLMyYsxhw=="
    "resolved" "https://registry.npmjs.org/@webassemblyjs/floating-point-hex-parser/-/floating-point-hex-parser-1.11.6.tgz"
    "version" "1.11.6"
  
  "@webassemblyjs/helper-api-error@1.11.6":
    "integrity" "sha512-o0YkoP4pVu4rN8aTJgAyj9hC2Sv5UlkzCHhxqWj8butaLvnpdc2jOwh4ewE6CX0txSfLn/UYaV/pheS2Txg//Q=="
    "resolved" "https://registry.npmjs.org/@webassemblyjs/helper-api-error/-/helper-api-error-1.11.6.tgz"
    "version" "1.11.6"
  
  "@webassemblyjs/helper-buffer@1.12.1":
    "integrity" "sha512-nzJwQw99DNDKr9BVCOZcLuJJUlqkJh+kVzVl6Fmq/tI5ZtEyWT1KZMyOXltXLZJmDtvLCDgwsyrkohEtopTXCw=="
    "resolved" "https://registry.npmjs.org/@webassemblyjs/helper-buffer/-/helper-buffer-1.12.1.tgz"
    "version" "1.12.1"
  
  "@webassemblyjs/helper-numbers@1.11.6":
    "integrity" "sha512-vUIhZ8LZoIWHBohiEObxVm6hwP034jwmc9kuq5GdHZH0wiLVLIPcMCdpJzG4C11cHoQ25TFIQj9kaVADVX7N3g=="
    "resolved" "https://registry.npmjs.org/@webassemblyjs/helper-numbers/-/helper-numbers-1.11.6.tgz"
    "version" "1.11.6"
    dependencies:
      "@webassemblyjs/floating-point-hex-parser" "1.11.6"
      "@webassemblyjs/helper-api-error" "1.11.6"
      "@xtuc/long" "4.2.2"
  
  "@webassemblyjs/helper-wasm-bytecode@1.11.6":
    "integrity" "sha512-sFFHKwcmBprO9e7Icf0+gddyWYDViL8bpPjJJl0WHxCdETktXdmtWLGVzoHbqUcY4Be1LkNfwTmXOJUFZYSJdA=="
    "resolved" "https://registry.npmjs.org/@webassemblyjs/helper-wasm-bytecode/-/helper-wasm-bytecode-1.11.6.tgz"
    "version" "1.11.6"
  
  "@webassemblyjs/helper-wasm-section@1.12.1":
    "integrity" "sha512-Jif4vfB6FJlUlSbgEMHUyk1j234GTNG9dBJ4XJdOySoj518Xj0oGsNi59cUQF4RRMS9ouBUxDDdyBVfPTypa5g=="
    "resolved" "https://registry.npmjs.org/@webassemblyjs/helper-wasm-section/-/helper-wasm-section-1.12.1.tgz"
    "version" "1.12.1"
    dependencies:
      "@webassemblyjs/ast" "1.12.1"
      "@webassemblyjs/helper-buffer" "1.12.1"
      "@webassemblyjs/helper-wasm-bytecode" "1.11.6"
      "@webassemblyjs/wasm-gen" "1.12.1"
  
  "@webassemblyjs/ieee754@1.11.6":
    "integrity" "sha512-LM4p2csPNvbij6U1f19v6WR56QZ8JcHg3QIJTlSwzFcmx6WSORicYj6I63f9yU1kEUtrpG+kjkiIAkevHpDXrg=="
    "resolved" "https://registry.npmjs.org/@webassemblyjs/ieee754/-/ieee754-1.11.6.tgz"
    "version" "1.11.6"
    dependencies:
      "@xtuc/ieee754" "^1.2.0"
  
  "@webassemblyjs/leb128@1.11.6":
    "integrity" "sha512-m7a0FhE67DQXgouf1tbN5XQcdWoNgaAuoULHIfGFIEVKA6tu/edls6XnIlkmS6FrXAquJRPni3ZZKjw6FSPjPQ=="
    "resolved" "https://registry.npmjs.org/@webassemblyjs/leb128/-/leb128-1.11.6.tgz"
    "version" "1.11.6"
    dependencies:
      "@xtuc/long" "4.2.2"
  
  "@webassemblyjs/utf8@1.11.6":
    "integrity" "sha512-vtXf2wTQ3+up9Zsg8sa2yWiQpzSsMyXj0qViVP6xKGCUT8p8YJ6HqI7l5eCnWx1T/FYdsv07HQs2wTFbbof/RA=="
    "resolved" "https://registry.npmjs.org/@webassemblyjs/utf8/-/utf8-1.11.6.tgz"
    "version" "1.11.6"
  
  "@webassemblyjs/wasm-edit@^1.12.1":
    "integrity" "sha512-1DuwbVvADvS5mGnXbE+c9NfA8QRcZ6iKquqjjmR10k6o+zzsRVesil54DKexiowcFCPdr/Q0qaMgB01+SQ1u6g=="
    "resolved" "https://registry.npmjs.org/@webassemblyjs/wasm-edit/-/wasm-edit-1.12.1.tgz"
    "version" "1.12.1"
    dependencies:
      "@webassemblyjs/ast" "1.12.1"
      "@webassemblyjs/helper-buffer" "1.12.1"
      "@webassemblyjs/helper-wasm-bytecode" "1.11.6"
      "@webassemblyjs/helper-wasm-section" "1.12.1"
      "@webassemblyjs/wasm-gen" "1.12.1"
      "@webassemblyjs/wasm-opt" "1.12.1"
      "@webassemblyjs/wasm-parser" "1.12.1"
      "@webassemblyjs/wast-printer" "1.12.1"
  
  "@webassemblyjs/wasm-gen@1.12.1":
    "integrity" "sha512-TDq4Ojh9fcohAw6OIMXqiIcTq5KUXTGRkVxbSo1hQnSy6lAM5GSdfwWeSxpAo0YzgsgF182E/U0mDNhuA0tW7w=="
    "resolved" "https://registry.npmjs.org/@webassemblyjs/wasm-gen/-/wasm-gen-1.12.1.tgz"
    "version" "1.12.1"
    dependencies:
      "@webassemblyjs/ast" "1.12.1"
      "@webassemblyjs/helper-wasm-bytecode" "1.11.6"
      "@webassemblyjs/ieee754" "1.11.6"
      "@webassemblyjs/leb128" "1.11.6"
      "@webassemblyjs/utf8" "1.11.6"
  
  "@webassemblyjs/wasm-opt@1.12.1":
    "integrity" "sha512-Jg99j/2gG2iaz3hijw857AVYekZe2SAskcqlWIZXjji5WStnOpVoat3gQfT/Q5tb2djnCjBtMocY/Su1GfxPBg=="
    "resolved" "https://registry.npmjs.org/@webassemblyjs/wasm-opt/-/wasm-opt-1.12.1.tgz"
    "version" "1.12.1"
    dependencies:
      "@webassemblyjs/ast" "1.12.1"
      "@webassemblyjs/helper-buffer" "1.12.1"
      "@webassemblyjs/wasm-gen" "1.12.1"
      "@webassemblyjs/wasm-parser" "1.12.1"
  
  "@webassemblyjs/wasm-parser@^1.12.1", "@webassemblyjs/wasm-parser@1.12.1":
    "integrity" "sha512-xikIi7c2FHXysxXe3COrVUPSheuBtpcfhbpFj4gmu7KRLYOzANztwUU0IbsqvMqzuNK2+glRGWCEqZo1WCLyAQ=="
    "resolved" "https://registry.npmjs.org/@webassemblyjs/wasm-parser/-/wasm-parser-1.12.1.tgz"
    "version" "1.12.1"
    dependencies:
      "@webassemblyjs/ast" "1.12.1"
      "@webassemblyjs/helper-api-error" "1.11.6"
      "@webassemblyjs/helper-wasm-bytecode" "1.11.6"
      "@webassemblyjs/ieee754" "1.11.6"
      "@webassemblyjs/leb128" "1.11.6"
      "@webassemblyjs/utf8" "1.11.6"
  
  "@webassemblyjs/wast-printer@1.12.1":
    "integrity" "sha512-+X4WAlOisVWQMikjbcvY2e0rwPsKQ9F688lksZhBcPycBBuii3O7m8FACbDMWDojpAqvjIncrG8J0XHKyQfVeA=="
    "resolved" "https://registry.npmjs.org/@webassemblyjs/wast-printer/-/wast-printer-1.12.1.tgz"
    "version" "1.12.1"
    dependencies:
      "@webassemblyjs/ast" "1.12.1"
      "@xtuc/long" "4.2.2"
  
  "@xtuc/ieee754@^1.2.0":
    "integrity" "sha512-DX8nKgqcGwsc0eJSqYt5lwP4DH5FlHnmuWWBRy7X0NcaGR0ZtuyeESgMwTYVEtxmsNGY+qit4QYT/MIYTOTPeA=="
    "resolved" "https://registry.npmjs.org/@xtuc/ieee754/-/ieee754-1.2.0.tgz"
    "version" "1.2.0"
  
  "@xtuc/long@4.2.2":
    "integrity" "sha512-NuHqBY1PB/D8xU6s/thBgOAiAP7HOYDQ32+BFZILJ8ivkUkAHQnWfn6WhL79Owj1qmUnoN/YPhktdIoucipkAQ=="
    "resolved" "https://registry.npmjs.org/@xtuc/long/-/long-4.2.2.tgz"
    "version" "4.2.2"
  
  "acorn-import-attributes@^1.9.5":
    "integrity" "sha512-n02Vykv5uA3eHGM/Z2dQrcD56kL8TyDb2p1+0P83PClMnC/nc+anbQRhIOWnSq4Ke/KvDPrY3C9hDtC/A3eHnQ=="
    "resolved" "https://registry.npmjs.org/acorn-import-attributes/-/acorn-import-attributes-1.9.5.tgz"
    "version" "1.9.5"
  
  "acorn@^8", "acorn@^8.7.1", "acorn@^8.8.2":
    "integrity" "sha512-tcpGyI9zbizT9JbV6oYE477V6mTlXvvi0T0G3SNIYE2apm/G5huBa1+K89VGeovbg+jycCrfhl3ADxErOuO6Jg=="
    "resolved" "https://registry.npmjs.org/acorn/-/acorn-8.12.1.tgz"
    "version" "8.12.1"
  
  "ajv-keywords@^3.5.2":
    "integrity" "sha512-5p6WTN0DdTGVQk6VjcEju19IgaHudalcfabD7yhDGeA6bcQnmL+CpveLJq/3hvfwd1aof6L386Ougkx6RfyMIQ=="
    "resolved" "https://registry.npmjs.org/ajv-keywords/-/ajv-keywords-3.5.2.tgz"
    "version" "3.5.2"
  
  "ajv@^6.12.5", "ajv@^6.9.1":
    "integrity" "sha512-j3fVLgvTo527anyYyJOGTYJbG+vnnQYvE0m5mmkc1TK+nxAppkCLMIL0aZ4dblVCNoGShhm+kzE4ZUykBoMg4g=="
    "resolved" "https://registry.npmjs.org/ajv/-/ajv-6.12.6.tgz"
    "version" "6.12.6"
    dependencies:
      "fast-deep-equal" "^3.1.1"
      "fast-json-stable-stringify" "^2.0.0"
      "json-schema-traverse" "^0.4.1"
      "uri-js" "^4.2.2"
  
  "ansi-regex@^5.0.1":
    "integrity" "sha512-quJQXlTSUGL2LH9SUXo8VwsY4soanhgo6LNSm84E1LBcE8s3O0wpdiRzyR9z/ZZJMlMWv37qOOb9pdJlMUEKFQ=="
    "resolved" "https://registry.npmjs.org/ansi-regex/-/ansi-regex-5.0.1.tgz"
    "version" "5.0.1"
  
  "ansi-styles@^4.0.0":
    "integrity" "sha512-zbB9rCJAT1rbjiVDb2hqKFHNYLxgtk8NURxZ3IZwD3F6NtxbXZQCnnSi1Lkx+IDohdPlFp222wVALIheZJQSEg=="
    "resolved" "https://registry.npmjs.org/ansi-styles/-/ansi-styles-4.3.0.tgz"
    "version" "4.3.0"
    dependencies:
      "color-convert" "^2.0.1"
  
  "anymatch@~3.1.2":
    "integrity" "sha512-KMReFUr0B4t+D+OBkjR3KYqvocp2XaSzO55UcB6mgQMd3KbcE+mWTyvVV7D/zsdEbNnV6acZUutkiHQXvTr1Rw=="
    "resolved" "https://registry.npmjs.org/anymatch/-/anymatch-3.1.3.tgz"
    "version" "3.1.3"
    dependencies:
      "normalize-path" "^3.0.0"
      "picomatch" "^2.0.4"
  
  "big.js@^5.2.2":
    "integrity" "sha512-vyL2OymJxmarO8gxMr0mhChsO9QGwhynfuu4+MHTAW6czfq9humCB7rKpUjDd9YUiDPU4mzpyupFSvOClAwbmQ=="
    "resolved" "https://registry.npmjs.org/big.js/-/big.js-5.2.2.tgz"
    "version" "5.2.2"
  
  "binary-extensions@^2.0.0":
    "integrity" "sha512-Ceh+7ox5qe7LJuLHoY0feh3pHuUDHAcRUeyL2VYghZwfpkNIy/+8Ocg0a3UuSoYzavmylwuLWQOf3hl0jjMMIw=="
    "resolved" "https://registry.npmjs.org/binary-extensions/-/binary-extensions-2.3.0.tgz"
    "version" "2.3.0"
  
  "bootstrap-icons@^1.3.0":
    "integrity" "sha512-+3lpHrCw/it2/7lBL15VR0HEumaBss0+f/Lb6ZvHISn1mlK83jjFpooTLsMWbIjJMDjDjOExMsTxnXSIT4k4ww=="
    "resolved" "https://registry.npmjs.org/bootstrap-icons/-/bootstrap-icons-1.11.3.tgz"
    "version" "1.11.3"
  
  "bootstrap@^5.0.0-beta1":
    "integrity" "sha512-8HLCdWgyoMguSO9o+aH+iuZ+aht+mzW0u3HIMzVu7Srrpv7EBBxTnrFlSCskwdY1+EOFQSm7uMJhNQHkdPcmjg=="
    "resolved" "https://registry.npmjs.org/bootstrap/-/bootstrap-5.3.3.tgz"
    "version" "5.3.3"
  
  "braces@~3.0.2":
    "integrity" "sha512-yQbXgO/OSZVD2IsiLlro+7Hf6Q18EJrKSEsdoMzKePKXct3gvD8oLcOQdIzGupr5Fj+EDe8gO/lxc1BzfMpxvA=="
    "resolved" "https://registry.npmjs.org/braces/-/braces-3.0.3.tgz"
    "version" "3.0.3"
    dependencies:
      "fill-range" "^7.1.1"
  
  "browserslist@^4.21.10", "browserslist@>= 4.21.0":
    "integrity" "sha512-btwCFJVjI4YWDNfau8RhZ+B1Q/VLoUITrm3RlP6y1tYGWIOa+InuYiRGXUBXo8nA1qKmHMyLB/iVQg5TT4eFoA=="
    "resolved" "https://registry.npmjs.org/browserslist/-/browserslist-4.23.3.tgz"
    "version" "4.23.3"
    dependencies:
      "caniuse-lite" "^1.0.30001646"
      "electron-to-chromium" "^1.5.4"
      "node-releases" "^2.0.18"
      "update-browserslist-db" "^1.1.0"
  
  "buffer-from@^1.0.0":
    "integrity" "sha512-E+XQCRwSbaaiChtv6k6Dwgc+bx+Bs6vuKJHHl5kox/BaKbhiXzqQOwK4cO22yElGp2OCmjwVhT3HmxgyPGnJfQ=="
    "resolved" "https://registry.npmjs.org/buffer-from/-/buffer-from-1.1.2.tgz"
    "version" "1.1.2"
  
  "caniuse-lite@^1.0.30001646":
    "integrity" "sha512-9Cf+Xv1jJNe1xPZLGuUXLNkE1BoDkqRqYyFJ9TDYSqhduqA4hu4oR9HluGoWYQC/aj8WHjsGVV+bwkh0+tegRg=="
    "resolved" "https://registry.npmjs.org/caniuse-lite/-/caniuse-lite-1.0.30001651.tgz"
    "version" "1.0.30001651"
  
  "chokidar@>=3.0.0 <4.0.0":
    "integrity" "sha512-7VT13fmjotKpGipCW9JEQAusEPE+Ei8nl6/g4FBAmIm0GOOLMua9NDDo/DWp0ZAxCr3cPq5ZpBqmPAQgDda2Pw=="
    "resolved" "https://registry.npmjs.org/chokidar/-/chokidar-3.6.0.tgz"
    "version" "3.6.0"
    dependencies:
      "anymatch" "~3.1.2"
      "braces" "~3.0.2"
      "glob-parent" "~5.1.2"
      "is-binary-path" "~2.1.0"
      "is-glob" "~4.0.1"
      "normalize-path" "~3.0.0"
      "readdirp" "~3.6.0"
    optionalDependencies:
      "fsevents" "~2.3.2"
  
  "chrome-trace-event@^1.0.2":
    "integrity" "sha512-rNjApaLzuwaOTjCiT8lSDdGN1APCiqkChLMJxJPWLunPAt5fy8xgU9/jNOchV84wfIxrA0lRQB7oCT8jrn/wrQ=="
    "resolved" "https://registry.npmjs.org/chrome-trace-event/-/chrome-trace-event-1.0.4.tgz"
    "version" "1.0.4"
  
  "cliui@^7.0.2":
    "integrity" "sha512-OcRE68cOsVMXp1Yvonl/fzkQOyjLSu/8bhPDfQt0e0/Eb283TKP20Fs2MqoPsr9SwA595rRCA+QMzYc9nBP+JQ=="
    "resolved" "https://registry.npmjs.org/cliui/-/cliui-7.0.4.tgz"
    "version" "7.0.4"
    dependencies:
      "string-width" "^4.2.0"
      "strip-ansi" "^6.0.0"
      "wrap-ansi" "^7.0.0"
  
  "cliui@^8.0.1":
    "integrity" "sha512-BSeNnyus75C4//NQ9gQt1/csTXyo/8Sb+afLAkzAptFuMsod9HFokGNudZpi/oQV73hnVK+sR+5PVRMd+Dr7YQ=="
    "resolved" "https://registry.npmjs.org/cliui/-/cliui-8.0.1.tgz"
    "version" "8.0.1"
    dependencies:
      "string-width" "^4.2.0"
      "strip-ansi" "^6.0.1"
      "wrap-ansi" "^7.0.0"
  
  "color-convert@^2.0.1":
    "integrity" "sha512-RRECPsj7iu/xb5oKYcsFHSppFNnsj/52OVTRKb4zP5onXwVF3zVmmToNcOfGC+CRDpfK/U584fMg38ZHCaElKQ=="
    "resolved" "https://registry.npmjs.org/color-convert/-/color-convert-2.0.1.tgz"
    "version" "2.0.1"
    dependencies:
      "color-name" "~1.1.4"
  
  "color-name@~1.1.4":
    "integrity" "sha512-dOy+3AuW3a2wNbZHIuMZpTcgjGuLU/uBL/ubcZF9OXbDo8ff4O8yVp5Bf0efS8uEoYo5q4Fx7dY9OgQGXgAsQA=="
    "resolved" "https://registry.npmjs.org/color-name/-/color-name-1.1.4.tgz"
    "version" "1.1.4"
  
  "commander@^2.20.0":
    "integrity" "sha512-GpVkmM8vF2vQUkj2LvZmD35JxeJOLCwJ9cUkugyk2nuhbv3+mJvpLYYt+0+USMxE+oj+ey/lJEnhZw75x/OMcQ=="
    "resolved" "https://registry.npmjs.org/commander/-/commander-2.20.3.tgz"
    "version" "2.20.3"
  
  "core-js@3.6.5":
    "integrity" "sha512-vZVEEwZoIsI+vPEuoF9Iqf5H7/M3eeQqWlQnYa8FSKKePuYTf5MWnxb5SDAzCa60b3JBRS5g9b+Dq7b1y/RCrA=="
    "resolved" "https://registry.npmjs.org/core-js/-/core-js-3.6.5.tgz"
    "version" "3.6.5"
  
  "csstype@^3.1.3":
    "integrity" "sha512-M1uQkMl8rQK/szD0LNhtqxIPLpimGm8sOBwU7lLnCpSbTyY3yeU1Vc7l4KT5zT4s/yOxHH5O7tIuuLOCnLADRw=="
    "resolved" "https://registry.npmjs.org/csstype/-/csstype-3.1.3.tgz"
    "version" "3.1.3"
  
  "dom-storage@2.1.0":
    "integrity" "sha512-g6RpyWXzl0RR6OTElHKBl7nwnK87GUyZMYC7JWsB/IA73vpqK2K6LT39x4VepLxlSsWBFrPVLnsSR5Jyty0+2Q=="
    "resolved" "https://registry.npmjs.org/dom-storage/-/dom-storage-2.1.0.tgz"
    "version" "2.1.0"
  
  "electron-to-chromium@^1.5.4":
    "integrity" "sha512-jwXWsM5RPf6j9dPYzaorcBSUg6AiqocPEyMpkchkvntaH9HGfOOMZwxMJjDY/XEs3T5dM7uyH1VhRMkqUU9qVw=="
    "resolved" "https://registry.npmjs.org/electron-to-chromium/-/electron-to-chromium-1.5.6.tgz"
    "version" "1.5.6"
  
  "emoji-regex@^8.0.0":
    "integrity" "sha512-MSjYzcWNOA0ewAHpz0MxpYFvwg6yjy1NG3xteoqz644VCo/RPgnr1/GGt+ic3iJTzQ8Eu3TdM14SawnVUmGE6A=="
    "resolved" "https://registry.npmjs.org/emoji-regex/-/emoji-regex-8.0.0.tgz"
    "version" "8.0.0"
  
  "emojis-list@^3.0.0":
    "integrity" "sha512-/kyM18EfinwXZbno9FyUGeFh87KC8HRQBQGildHZbEuRyWFOmv1U10o9BBp8XVZDVNNuQKyIGIu5ZYAAXJ0V2Q=="
    "resolved" "https://registry.npmjs.org/emojis-list/-/emojis-list-3.0.0.tgz"
    "version" "3.0.0"
  
  "enhanced-resolve@^5.17.0":
    "integrity" "sha512-LMHl3dXhTcfv8gM4kEzIUeTQ+7fpdA0l2tUf34BddXPkz2A5xJ5L/Pchd5BL6rdccM9QGvu0sWZzK1Z1t4wwyg=="
    "resolved" "https://registry.npmjs.org/enhanced-resolve/-/enhanced-resolve-5.17.1.tgz"
    "version" "5.17.1"
    dependencies:
      "graceful-fs" "^4.2.4"
      "tapable" "^2.2.0"
  
  "entities@^4.5.0":
    "integrity" "sha512-V0hjH4dGPh9Ao5p0MoRY6BVqtwCjhz6vI5LT8AJ55H+4g9/4vbHx1I54fS0XuclLhDHArPQCiMjDxjaL8fPxhw=="
    "resolved" "https://registry.npmjs.org/entities/-/entities-4.5.0.tgz"
    "version" "4.5.0"
  
  "entities@^5.0.0":
    "integrity" "sha512-BeJFvFRJddxobhvEdm5GqHzRV/X+ACeuw0/BuuxsCh1EUZcAIz8+kYmBp/LrQuloy6K1f3a0M7+IhmZ7QnkISA=="
    "resolved" "https://registry.npmjs.org/entities/-/entities-5.0.0.tgz"
    "version" "5.0.0"
  
  "es-module-lexer@^1.2.1":
    "integrity" "sha512-MVNK56NiMrOwitFB7cqDwq0CQutbw+0BvLshJSse0MUNU+y1FC3bUS/AQg7oUng+/wKrrki7JfmwtVHkVfPLlw=="
    "resolved" "https://registry.npmjs.org/es-module-lexer/-/es-module-lexer-1.5.4.tgz"
    "version" "1.5.4"
  
  "esbuild@^0.21.3":
    "integrity" "sha512-mg3OPMV4hXywwpoDxu3Qda5xCKQi+vCTZq8S9J/EpkhB2HzKXq4SNFZE3+NK93JYxc8VMSep+lOUSC/RVKaBqw=="
    "resolved" "https://registry.npmjs.org/esbuild/-/esbuild-0.21.5.tgz"
    "version" "0.21.5"
    optionalDependencies:
      "@esbuild/aix-ppc64" "0.21.5"
      "@esbuild/android-arm" "0.21.5"
      "@esbuild/android-arm64" "0.21.5"
      "@esbuild/android-x64" "0.21.5"
      "@esbuild/darwin-arm64" "0.21.5"
      "@esbuild/darwin-x64" "0.21.5"
      "@esbuild/freebsd-arm64" "0.21.5"
      "@esbuild/freebsd-x64" "0.21.5"
      "@esbuild/linux-arm" "0.21.5"
      "@esbuild/linux-arm64" "0.21.5"
      "@esbuild/linux-ia32" "0.21.5"
      "@esbuild/linux-loong64" "0.21.5"
      "@esbuild/linux-mips64el" "0.21.5"
      "@esbuild/linux-ppc64" "0.21.5"
      "@esbuild/linux-riscv64" "0.21.5"
      "@esbuild/linux-s390x" "0.21.5"
      "@esbuild/linux-x64" "0.21.5"
      "@esbuild/netbsd-x64" "0.21.5"
      "@esbuild/openbsd-x64" "0.21.5"
      "@esbuild/sunos-x64" "0.21.5"
      "@esbuild/win32-arm64" "0.21.5"
      "@esbuild/win32-ia32" "0.21.5"
      "@esbuild/win32-x64" "0.21.5"
  
  "escalade@^3.1.1", "escalade@^3.1.2":
    "integrity" "sha512-ErCHMCae19vR8vQGe50xIsVomy19rg6gFu3+r3jkEO46suLMWBksvVyoGgQV+jOfl84ZSOSlmv6Gxa89PmTGmA=="
    "resolved" "https://registry.npmjs.org/escalade/-/escalade-3.1.2.tgz"
    "version" "3.1.2"
  
  "eslint-scope@5.1.1":
    "integrity" "sha512-2NxwbF/hZ0KpepYN0cNbo+FN6XoK7GaHlQhgx/hIZl6Va0bF45RQOOwhLIy8lQDbuCiadSLCBnH2CFYquit5bw=="
    "resolved" "https://registry.npmjs.org/eslint-scope/-/eslint-scope-5.1.1.tgz"
    "version" "5.1.1"
    dependencies:
      "esrecurse" "^4.3.0"
      "estraverse" "^4.1.1"
  
  "esrecurse@^4.3.0":
    "integrity" "sha512-KmfKL3b6G+RXvP8N1vr3Tq1kL/oCFgn2NYXEtqP8/L3pKapUA4G8cFVaoF3SU323CD4XypR/ffioHmkti6/Tag=="
    "resolved" "https://registry.npmjs.org/esrecurse/-/esrecurse-4.3.0.tgz"
    "version" "4.3.0"
    dependencies:
      "estraverse" "^5.2.0"
  
  "estraverse@^4.1.1":
    "integrity" "sha512-39nnKffWz8xN1BU/2c79n9nB9HDzo0niYUqx6xyqUnyoAnQyyWpOTdZEeiCch8BBu515t4wp9ZmgVfVhn9EBpw=="
    "resolved" "https://registry.npmjs.org/estraverse/-/estraverse-4.3.0.tgz"
    "version" "4.3.0"
  
  "estraverse@^5.2.0":
    "integrity" "sha512-MMdARuVEQziNTeJD8DgMqmhwR11BRQ/cBP+pLtYdSTnf3MIO8fFeiINEbX36ZdNlfU/7A9f3gUw49B3oQsvwBA=="
    "resolved" "https://registry.npmjs.org/estraverse/-/estraverse-5.3.0.tgz"
    "version" "5.3.0"
  
  "estree-walker@^2.0.2":
    "integrity" "sha512-Rfkk/Mp/DL7JVje3u18FxFujQlTNR2q6QfMSMB7AvCBx91NGj/ba3kCfza0f6dVDbw7YlRf/nDrn7pQrCCyQ/w=="
    "resolved" "https://registry.npmjs.org/estree-walker/-/estree-walker-2.0.2.tgz"
    "version" "2.0.2"
  
  "events@^3.2.0":
    "integrity" "sha512-mQw+2fkQbALzQ7V0MY0IqdnXNOeTtP4r0lN9z7AAawCXgqea7bDii20AYrIBrFd/Hx0M2Ocz6S111CaFkUcb0Q=="
    "resolved" "https://registry.npmjs.org/events/-/events-3.3.0.tgz"
    "version" "3.3.0"
  
  "fast-deep-equal@^3.1.1":
    "integrity" "sha512-f3qQ9oQy9j2AhBe/H9VC91wLmKBCCU/gDOnKNAYG5hswO7BLKj09Hc5HYNz9cGI++xlpDCIgDaitVs03ATR84Q=="
    "resolved" "https://registry.npmjs.org/fast-deep-equal/-/fast-deep-equal-3.1.3.tgz"
    "version" "3.1.3"
  
  "fast-json-stable-stringify@^2.0.0":
    "integrity" "sha512-lhd/wF+Lk98HZoTCtlVraHtfh5XYijIjalXck7saUtuanSDyLMxnHhSXEDJqHxD7msR8D0uCmqlkwjCV8xvwHw=="
    "resolved" "https://registry.npmjs.org/fast-json-stable-stringify/-/fast-json-stable-stringify-2.1.0.tgz"
    "version" "2.1.0"
  
  "faye-websocket@0.11.3":
    "integrity" "sha512-D2y4bovYpzziGgbHYtGCMjlJM36vAl/y+xUyn1C+FVx8szd1E+86KwVw6XvYSzOP8iMpm1X0I4xJD+QtUb36OA=="
    "resolved" "https://registry.npmjs.org/faye-websocket/-/faye-websocket-0.11.3.tgz"
    "version" "0.11.3"
    dependencies:
      "websocket-driver" ">=0.5.1"
  
  "fill-range@^7.1.1":
    "integrity" "sha512-YsGpe3WHLK8ZYi4tWDg2Jy3ebRz2rXowDxnld4bkQB00cc/1Zw9AWnC0i9ztDJitivtQvaI9KaLyKrc+hBW0yg=="
    "resolved" "https://registry.npmjs.org/fill-range/-/fill-range-7.1.1.tgz"
    "version" "7.1.1"
    dependencies:
      "to-regex-range" "^5.0.1"
  
  "firebase@^8.2.9":
    "integrity" "sha512-84z/zqF8Y5IpUYN8nREZ/bxbGtF5WJDOBy4y0hAxRzGpB5+2tw9PQgtTnUzk6MQiVEf/WOniMUL3pCVXKsxALw=="
    "resolved" "https://registry.npmjs.org/firebase/-/firebase-8.10.1.tgz"
    "version" "8.10.1"
    dependencies:
      "@firebase/analytics" "0.6.18"
      "@firebase/app" "0.6.30"
      "@firebase/app-check" "0.3.2"
      "@firebase/app-types" "0.6.3"
      "@firebase/auth" "0.16.8"
      "@firebase/database" "0.11.0"
      "@firebase/firestore" "2.4.1"
      "@firebase/functions" "0.6.16"
      "@firebase/installations" "0.4.32"
      "@firebase/messaging" "0.8.0"
      "@firebase/performance" "0.4.18"
      "@firebase/polyfill" "0.3.36"
      "@firebase/remote-config" "0.1.43"
      "@firebase/storage" "0.7.1"
      "@firebase/util" "1.3.0"
  
  "get-caller-file@^2.0.5":
    "integrity" "sha512-DyFP3BM/3YHTQOCUL/w0OZHR0lpKeGrxotcHWcqNEdnltqFwXVfhEBQ94eIo34AfQpo0rGki4cyIiftY06h2Fg=="
    "resolved" "https://registry.npmjs.org/get-caller-file/-/get-caller-file-2.0.5.tgz"
    "version" "2.0.5"
  
  "glob-parent@~5.1.2":
    "integrity" "sha512-AOIgSQCepiJYwP3ARnGx+5VnTu2HBYdzbGP45eLw1vr3zB3vZLeyed1sC9hnbcOc9/SrMyM5RPQrkGz4aS9Zow=="
    "resolved" "https://registry.npmjs.org/glob-parent/-/glob-parent-5.1.2.tgz"
    "version" "5.1.2"
    dependencies:
      "is-glob" "^4.0.1"
  
  "glob-to-regexp@^0.4.1":
    "integrity" "sha512-lkX1HJXwyMcprw/5YUZc2s7DrpAiHB21/V+E1rHUrVNokkvB6bqMzT0VfV6/86ZNabt1k14YOIaT7nDvOX3Iiw=="
    "resolved" "https://registry.npmjs.org/glob-to-regexp/-/glob-to-regexp-0.4.1.tgz"
    "version" "0.4.1"
  
  "graceful-fs@^4.1.2", "graceful-fs@^4.2.11", "graceful-fs@^4.2.4":
    "integrity" "sha512-RbJ5/jmFcNNCcDV5o9eTnBLJ/HszWV0P73bc+Ff4nS/rJj+YaS6IGyiOL0VoBYX+l1Wrl3k63h/KrH+nhJ0XvQ=="
    "resolved" "https://registry.npmjs.org/graceful-fs/-/graceful-fs-4.2.11.tgz"
    "version" "4.2.11"
  
  "has-flag@^4.0.0":
    "integrity" "sha512-EykJT/Q1KjTWctppgIAgfSO0tKVuZUjhgMr17kqTumMl6Afv3EISleU7qZUzoXDFTAHTDC4NOoG/ZxU3EvlMPQ=="
    "resolved" "https://registry.npmjs.org/has-flag/-/has-flag-4.0.0.tgz"
    "version" "4.0.0"
  
  "http-parser-js@>=0.5.1":
    "integrity" "sha512-SGeBX54F94Wgu5RH3X5jsDtf4eHyRogWX1XGT3b4HuW3tQPM4AaBzoUji/4AAJNXCEOWZ5O0DgZmJw1947gD5Q=="
    "resolved" "https://registry.npmjs.org/http-parser-js/-/http-parser-js-0.5.8.tgz"
    "version" "0.5.8"
  
  "idb@3.0.2":
    "integrity" "sha512-+FLa/0sTXqyux0o6C+i2lOR0VoS60LU/jzUo5xjfY6+7sEEgy4Gz1O7yFBXvjd7N0NyIGWIRg8DcQSLEG+VSPw=="
    "resolved" "https://registry.npmjs.org/idb/-/idb-3.0.2.tgz"
    "version" "3.0.2"
  
  "immutable@^4.0.0":
    "integrity" "sha512-1hqclzwYwjRDFLjcFxOM5AYkkG0rpFPpr1RLPMEuGczoS7YA8gLhy8SWXYRAA/XwfEHpfo3cw5JGioS32fnMRw=="
    "resolved" "https://registry.npmjs.org/immutable/-/immutable-4.3.7.tgz"
    "version" "4.3.7"
  
  "is-binary-path@~2.1.0":
    "integrity" "sha512-ZMERYes6pDydyuGidse7OsHxtbI7WVeUEozgR/g7rd0xUimYNlvZRE/K2MgZTjWy725IfelLeVcEM97mmtRGXw=="
    "resolved" "https://registry.npmjs.org/is-binary-path/-/is-binary-path-2.1.0.tgz"
    "version" "2.1.0"
    dependencies:
      "binary-extensions" "^2.0.0"
  
  "is-extglob@^2.1.1":
    "integrity" "sha512-SbKbANkN603Vi4jEZv49LeVJMn4yGwsbzZworEoyEiutsN3nJYdbO36zfhGJ6QEDpOZIFkDtnq5JRxmvl3jsoQ=="
    "resolved" "https://registry.npmjs.org/is-extglob/-/is-extglob-2.1.1.tgz"
    "version" "2.1.1"
  
  "is-fullwidth-code-point@^3.0.0":
    "integrity" "sha512-zymm5+u+sCsSWyD9qNaejV3DFvhCKclKdizYaJUuHA83RLjb7nSuGnddCHGv0hk+KY7BMAlsWeK4Ueg6EV6XQg=="
    "resolved" "https://registry.npmjs.org/is-fullwidth-code-point/-/is-fullwidth-code-point-3.0.0.tgz"
    "version" "3.0.0"
  
  "is-glob@^4.0.1", "is-glob@~4.0.1":
    "integrity" "sha512-xelSayHH36ZgE7ZWhli7pW34hNbNl8Ojv5KVmkJD4hBdD3th8Tfk9vYasLM+mXWOZhFkgZfxhLSnrwRr4elSSg=="
    "resolved" "https://registry.npmjs.org/is-glob/-/is-glob-4.0.3.tgz"
    "version" "4.0.3"
    dependencies:
      "is-extglob" "^2.1.1"
  
  "is-number@^7.0.0":
    "integrity" "sha512-41Cifkg6e8TylSpdtTpeLVMqvSBEVzTttHvERD741+pnZ8ANv0004MRL43QKPDlK9cGvNp6NZWZUBlbGXYxxng=="
    "resolved" "https://registry.npmjs.org/is-number/-/is-number-7.0.0.tgz"
    "version" "7.0.0"
  
  "jest-worker@^27.4.5":
    "integrity" "sha512-7vuh85V5cdDofPyxn58nrPjBktZo0u9x1g8WtjQol+jZDaE+fhN+cIvTj11GndBnMnyfrUOG1sZQxCdjKh+DKg=="
    "resolved" "https://registry.npmjs.org/jest-worker/-/jest-worker-27.5.1.tgz"
    "version" "27.5.1"
    dependencies:
      "@types/node" "*"
      "merge-stream" "^2.0.0"
      "supports-color" "^8.0.0"
  
  "json-parse-even-better-errors@^2.3.1":
    "integrity" "sha512-xyFwyhro/JEof6Ghe2iz2NcXoj2sloNsWr/XsERDK/oiPCfaNhl5ONfp+jQdAZRQQ0IJWNzH9zIZF7li91kh2w=="
    "resolved" "https://registry.npmjs.org/json-parse-even-better-errors/-/json-parse-even-better-errors-2.3.1.tgz"
    "version" "2.3.1"
  
  "json-schema-traverse@^0.4.1":
    "integrity" "sha512-xbbCH5dCYU5T8LcEhhuh7HJ88HXuW3qsI3Y0zOZFKfZEHcpWiHU/Jxzk629Brsab/mMiHQti9wMP+845RPe3Vg=="
    "resolved" "https://registry.npmjs.org/json-schema-traverse/-/json-schema-traverse-0.4.1.tgz"
    "version" "0.4.1"
  
  "json5@^2.1.2":
    "integrity" "sha512-XmOWe7eyHYH14cLdVPoyg+GOH3rYX++KpzrylJwSW98t3Nk+U8XOl8FWKOgwtzdb8lXGf6zYwDUzeHMWfxasyg=="
    "resolved" "https://registry.npmjs.org/json5/-/json5-2.2.3.tgz"
    "version" "2.2.3"
  
  "klona@^2.0.4":
    "integrity" "sha512-dhG34DXATL5hSxJbIexCft8FChFXtmskoZYnoPWjXQuebWYCNkVeV3KkGegCK9CP1oswI/vQibS2GY7Em/sJJA=="
    "resolved" "https://registry.npmjs.org/klona/-/klona-2.0.6.tgz"
    "version" "2.0.6"
  
  "loader-runner@^4.2.0":
    "integrity" "sha512-3R/1M+yS3j5ou80Me59j7F9IMs4PXs3VqRrm0TU3AbKPxlmpoY1TNscJV/oGJXo8qCatFGTfDbY6W6ipGOYXfg=="
    "resolved" "https://registry.npmjs.org/loader-runner/-/loader-runner-4.3.0.tgz"
    "version" "4.3.0"
  
  "loader-utils@^2.0.0":
    "integrity" "sha512-xXqpXoINfFhgua9xiqD8fPFHgkoq1mmmpE92WlDbm9rNRd/EbRb+Gqf908T2DMfuHjjJlksiK2RbHVOdD/MqSw=="
    "resolved" "https://registry.npmjs.org/loader-utils/-/loader-utils-2.0.4.tgz"
    "version" "2.0.4"
    dependencies:
      "big.js" "^5.2.2"
      "emojis-list" "^3.0.0"
      "json5" "^2.1.2"
  
  "lodash.camelcase@^4.3.0":
    "integrity" "sha512-TwuEnCnxbc3rAvhf/LbG7tJUDzhqXyFnv3dtzLOPgCG/hODL7WFnsbwktkD7yUV0RrreP/l1PALq/YSg6VvjlA=="
    "resolved" "https://registry.npmjs.org/lodash.camelcase/-/lodash.camelcase-4.3.0.tgz"
    "version" "4.3.0"
  
  "long@^4.0.0":
    "integrity" "sha512-XsP+KhQif4bjX1kbuSiySJFNAehNxgLb6hPRGJ9QsUr8ajHkuXGdrHmFUTUUXhDwVX2R5bY4JNZEwbUiMhV+MA=="
    "resolved" "https://registry.npmjs.org/long/-/long-4.0.0.tgz"
    "version" "4.0.0"
  
  "long@^5.0.0":
    "integrity" "sha512-lcHwpNoggQTObv5apGNCTdJrO69eHOZMi4BNC+rTLER8iHAqGrUVeLh/irVIM7zTw2bOXA8T6uNPeujwOLg/2Q=="
    "resolved" "https://registry.npmjs.org/long/-/long-5.2.3.tgz"
    "version" "5.2.3"
  
  "magic-string@^0.30.10", "magic-string@^0.30.11":
    "integrity" "sha512-+Wri9p0QHMy+545hKww7YAu5NyzF8iomPL/RQazugQ9+Ez4Ic3mERMd8ZTX5rfK944j+560ZJi8iAwgak1Ac7A=="
    "resolved" "https://registry.npmjs.org/magic-string/-/magic-string-0.30.11.tgz"
    "version" "0.30.11"
    dependencies:
      "@jridgewell/sourcemap-codec" "^1.5.0"
  
  "merge-stream@^2.0.0":
    "integrity" "sha512-abv/qOcuPfk3URPfDzmZU1LKmuw8kT+0nIHvKrKgFrwifol/doWcdA4ZqsWQ8ENrFKkd67Mfpo/LovbIUsbt3w=="
    "resolved" "https://registry.npmjs.org/merge-stream/-/merge-stream-2.0.0.tgz"
    "version" "2.0.0"
  
  "mime-db@1.52.0":
    "integrity" "sha512-sPU4uV7dYlvtWJxwwxHD0PuihVNiE7TyAbQ5SWxDCB9mUYvOgroQOwYQQOKPJ8CIbE+1ETVlOoK1UC2nU3gYvg=="
    "resolved" "https://registry.npmjs.org/mime-db/-/mime-db-1.52.0.tgz"
    "version" "1.52.0"
  
  "mime-types@^2.1.27":
    "integrity" "sha512-ZDY+bPm5zTTF+YpCrAU9nK0UgICYPT0QtT1NZWFv4s++TNkcgVaT0g6+4R2uI4MjQjzysHB1zxuWL50hzaeXiw=="
    "resolved" "https://registry.npmjs.org/mime-types/-/mime-types-2.1.35.tgz"
    "version" "2.1.35"
    dependencies:
      "mime-db" "1.52.0"
  
  "nanoid@^3.3.7":
    "integrity" "sha512-eSRppjcPIatRIMC1U6UngP8XFcz8MQWGQdt1MTBQ7NaAmvXDfvNxbvWV3x2y6CdEUciCSsDHDQZbhYaB8QEo2g=="
    "resolved" "https://registry.npmjs.org/nanoid/-/nanoid-3.3.7.tgz"
    "version" "3.3.7"
  
  "neo-async@^2.6.2":
    "integrity" "sha512-Yd3UES5mWCSqR+qNT93S3UoYUkqAZ9lLg8a7g9rimsWmYGK8cVToA4/sF3RrshdyV3sAGMXVUmpMYOw+dLpOuw=="
    "resolved" "https://registry.npmjs.org/neo-async/-/neo-async-2.6.2.tgz"
    "version" "2.6.2"
  
  "node-fetch@2.6.7":
    "integrity" "sha512-ZjMPFEfVx5j+y2yF35Kzx5sF7kDzxuDj6ziH4FFbOp87zKDZNx8yExJIb05OGF4Nlt9IHFIMBkRl41VdvcNdbQ=="
    "resolved" "https://registry.npmjs.org/node-fetch/-/node-fetch-2.6.7.tgz"
    "version" "2.6.7"
    dependencies:
      "whatwg-url" "^5.0.0"
  
  "node-releases@^2.0.18":
    "integrity" "sha512-d9VeXT4SJ7ZeOqGX6R5EM022wpL+eWPooLI+5UpWn2jCT1aosUQEhQP214x33Wkwx3JQMvIm+tIoVOdodFS40g=="
    "resolved" "https://registry.npmjs.org/node-releases/-/node-releases-2.0.18.tgz"
    "version" "2.0.18"
  
  "normalize-path@^3.0.0", "normalize-path@~3.0.0":
    "integrity" "sha512-6eZs5Ls3WtCisHWp9S2GUy8dqkpGi4BVSz3GaqiE6ezub0512ESztXUwUB6C6IKbQkY2Pnb/mD4WYojCRwcwLA=="
    "resolved" "https://registry.npmjs.org/normalize-path/-/normalize-path-3.0.0.tgz"
    "version" "3.0.0"
  
  "picocolors@^1.0.1":
    "integrity" "sha512-anP1Z8qwhkbmu7MFP5iTt+wQKXgwzf7zTyGlcdzabySa9vd0Xt392U0rVmz9poOaBj0uHJKyyo9/upk0HrEQew=="
    "resolved" "https://registry.npmjs.org/picocolors/-/picocolors-1.0.1.tgz"
    "version" "1.0.1"
  
  "picomatch@^2.0.4", "picomatch@^2.2.1":
    "integrity" "sha512-JU3teHTNjmE2VCGFzuY8EXzCDVwEqB2a8fsIvwaStHhAWJEeVd1o1QD80CU6+ZdEXXSLbSsuLwJjkCBWqRQUVA=="
    "resolved" "https://registry.npmjs.org/picomatch/-/picomatch-2.3.1.tgz"
    "version" "2.3.1"
  
  "postcss@^8.4.40", "postcss@^8.4.41":
    "integrity" "sha512-TesUflQ0WKZqAvg52PWL6kHgLKP6xB6heTOdoYM0Wt2UHyxNa4K25EZZMgKns3BH1RLVbZCREPpLY0rhnNoHVQ=="
    "resolved" "https://registry.npmjs.org/postcss/-/postcss-8.4.41.tgz"
    "version" "8.4.41"
    dependencies:
      "nanoid" "^3.3.7"
      "picocolors" "^1.0.1"
      "source-map-js" "^1.2.0"
  
  "promise-polyfill@8.1.3":
    "integrity" "sha512-MG5r82wBzh7pSKDRa9y+vllNHz3e3d4CNj1PQE4BQYxLme0gKYYBm9YENq+UkEikyZ0XbiGWxYlVw3Rl9O/U8g=="
    "resolved" "https://registry.npmjs.org/promise-polyfill/-/promise-polyfill-8.1.3.tgz"
    "version" "8.1.3"
  
  "protobufjs@^6.11.3":
    "integrity" "sha512-5kQWPaJHi1WoCpjTGszzQ32PG2F4+wRY6BmAT4Vfw56Q2FZ4YZzK20xUYQH4YkfehY1e6QSICrJquM6xXZNcrw=="
    "resolved" "https://registry.npmjs.org/protobufjs/-/protobufjs-6.11.4.tgz"
    "version" "6.11.4"
    dependencies:
      "@protobufjs/aspromise" "^1.1.2"
      "@protobufjs/base64" "^1.1.2"
      "@protobufjs/codegen" "^2.0.4"
      "@protobufjs/eventemitter" "^1.1.0"
      "@protobufjs/fetch" "^1.1.0"
      "@protobufjs/float" "^1.0.2"
      "@protobufjs/inquire" "^1.1.0"
      "@protobufjs/path" "^1.1.2"
      "@protobufjs/pool" "^1.1.0"
      "@protobufjs/utf8" "^1.1.0"
      "@types/long" "^4.0.1"
      "@types/node" ">=13.7.0"
      "long" "^4.0.0"
  
  "protobufjs@^7.2.5":
    "integrity" "sha512-RXyHaACeqXeqAKGLDl68rQKbmObRsTIn4TYVUUug1KfS47YWCo5MacGITEryugIgZqORCvJWEk4l449POg5Txg=="
    "resolved" "https://registry.npmjs.org/protobufjs/-/protobufjs-7.3.2.tgz"
    "version" "7.3.2"
    dependencies:
      "@protobufjs/aspromise" "^1.1.2"
      "@protobufjs/base64" "^1.1.2"
      "@protobufjs/codegen" "^2.0.4"
      "@protobufjs/eventemitter" "^1.1.0"
      "@protobufjs/fetch" "^1.1.0"
      "@protobufjs/float" "^1.0.2"
      "@protobufjs/inquire" "^1.1.0"
      "@protobufjs/path" "^1.1.2"
      "@protobufjs/pool" "^1.1.0"
      "@protobufjs/utf8" "^1.1.0"
      "@types/node" ">=13.7.0"
      "long" "^5.0.0"
  
  "punycode@^2.1.0":
    "integrity" "sha512-vYt7UD1U9Wg6138shLtLOvdAu+8DsC/ilFtEVHcH+wydcSpNE20AfSOduf6MkRFahL5FY7X1oU7nKVZFtfq8Fg=="
    "resolved" "https://registry.npmjs.org/punycode/-/punycode-2.3.1.tgz"
    "version" "2.3.1"
  
  "randombytes@^2.1.0":
    "integrity" "sha512-vYl3iOX+4CKUWuxGi9Ukhie6fsqXqS9FE2Zaic4tNFD2N2QQaXOMFbuKK4QmDHC0JO6B1Zp41J0LpT0oR68amQ=="
    "resolved" "https://registry.npmjs.org/randombytes/-/randombytes-2.1.0.tgz"
    "version" "2.1.0"
    dependencies:
      "safe-buffer" "^5.1.0"
  
  "readdirp@~3.6.0":
    "integrity" "sha512-hOS089on8RduqdbhvQ5Z37A0ESjsqz6qnRcffsMU3495FuTdqSm+7bhJ29JvIOsBDEEnan5DPu9t3To9VRlMzA=="
    "resolved" "https://registry.npmjs.org/readdirp/-/readdirp-3.6.0.tgz"
    "version" "3.6.0"
    dependencies:
      "picomatch" "^2.2.1"
  
  "require-directory@^2.1.1":
    "integrity" "sha512-fGxEI7+wsG9xrvdjsrlmL22OMTTiHRwAMroiEeMgq8gzoLC/PQr7RsRDSTLUg/bZAZtF+TVIkHc6/4RIKrui+Q=="
    "resolved" "https://registry.npmjs.org/require-directory/-/require-directory-2.1.1.tgz"
    "version" "2.1.1"
  
  "rollup@^4.13.0":
    "integrity" "sha512-6rbWBChcnSGzIlXeIdNIZTopKYad8ZG8ajhl78lGRLsI2rX8IkaotQhVas2Ma+GPxJav19wrSzvRvuiv0YKzWw=="
    "resolved" "https://registry.npmjs.org/rollup/-/rollup-4.20.0.tgz"
    "version" "4.20.0"
    dependencies:
      "@types/estree" "1.0.5"
    optionalDependencies:
      "@rollup/rollup-android-arm-eabi" "4.20.0"
      "@rollup/rollup-android-arm64" "4.20.0"
      "@rollup/rollup-darwin-arm64" "4.20.0"
      "@rollup/rollup-darwin-x64" "4.20.0"
      "@rollup/rollup-linux-arm-gnueabihf" "4.20.0"
      "@rollup/rollup-linux-arm-musleabihf" "4.20.0"
      "@rollup/rollup-linux-arm64-gnu" "4.20.0"
      "@rollup/rollup-linux-arm64-musl" "4.20.0"
      "@rollup/rollup-linux-powerpc64le-gnu" "4.20.0"
      "@rollup/rollup-linux-riscv64-gnu" "4.20.0"
      "@rollup/rollup-linux-s390x-gnu" "4.20.0"
      "@rollup/rollup-linux-x64-gnu" "4.20.0"
      "@rollup/rollup-linux-x64-musl" "4.20.0"
      "@rollup/rollup-win32-arm64-msvc" "4.20.0"
      "@rollup/rollup-win32-ia32-msvc" "4.20.0"
      "@rollup/rollup-win32-x64-msvc" "4.20.0"
      "fsevents" "~2.3.2"
  
  "safe-buffer@^5.1.0", "safe-buffer@>=5.1.0":
    "integrity" "sha512-rp3So07KcdmmKbGvgaNxQSJr7bGVSVk5S9Eq1F+ppbRo70+YeaDxkw5Dd8NPN+GD6bjnYm2VuPuCXmpuYvmCXQ=="
    "resolved" "https://registry.npmjs.org/safe-buffer/-/safe-buffer-5.2.1.tgz"
    "version" "5.2.1"
  
  "sass-loader@^10.1.1":
    "integrity" "sha512-vMUoSNOUKJILHpcNCCyD23X34gve1TS7Rjd9uXHeKqhvBG39x6XbswFDtpbTElj6XdMFezoWhkh5vtKudf2cgQ=="
    "resolved" "https://registry.npmjs.org/sass-loader/-/sass-loader-10.5.2.tgz"
    "version" "10.5.2"
    dependencies:
      "klona" "^2.0.4"
      "loader-utils" "^2.0.0"
      "neo-async" "^2.6.2"
      "schema-utils" "^3.0.0"
      "semver" "^7.3.2"
  
  "sass@*", "sass@^1.3.0", "sass@^1.32.8":
    "integrity" "sha512-4UHg6prsrycW20fqLGPShtEvo/WyHRVRHwOP4DzkUrObWoWI05QBSfzU71TVB7PFaL104TwNaHpjlWXAZbQiNQ=="
    "resolved" "https://registry.npmjs.org/sass/-/sass-1.77.8.tgz"
    "version" "1.77.8"
    dependencies:
      "chokidar" ">=3.0.0 <4.0.0"
      "immutable" "^4.0.0"
      "source-map-js" ">=0.6.2 <2.0.0"
  
  "schema-utils@^3.0.0", "schema-utils@^3.1.1", "schema-utils@^3.2.0":
    "integrity" "sha512-pN/yOAvcC+5rQ5nERGuwrjLlYvLTbCibnZ1I7B1LaiAz9BRBlE9GMgE/eqV30P7aJQUf7Ddimy/RsbYO/GrVGg=="
    "resolved" "https://registry.npmjs.org/schema-utils/-/schema-utils-3.3.0.tgz"
    "version" "3.3.0"
    dependencies:
      "@types/json-schema" "^7.0.8"
      "ajv" "^6.12.5"
      "ajv-keywords" "^3.5.2"
  
  "semver@^7.3.2":
    "integrity" "sha512-oVekP1cKtI+CTDvHWYFUcMtsK/00wmAEfyqKfNdARm8u1wNVhSgaX7A8d4UuIlUI5e84iEwOhs7ZPYRmzU9U6A=="
    "resolved" "https://registry.npmjs.org/semver/-/semver-7.6.3.tgz"
    "version" "7.6.3"
  
  "serialize-javascript@^6.0.1":
    "integrity" "sha512-Saa1xPByTTq2gdeFZYLLo+RFE35NHZkAbqZeWNd3BpzppeVisAqpDjcp8dyf6uIvEqJRd46jemmyA4iFIeVk8g=="
    "resolved" "https://registry.npmjs.org/serialize-javascript/-/serialize-javascript-6.0.2.tgz"
    "version" "6.0.2"
    dependencies:
      "randombytes" "^2.1.0"
  
  "source-map-js@^1.0.2", "source-map-js@^1.2.0", "source-map-js@>=0.6.2 <2.0.0":
    "integrity" "sha512-itJW8lvSA0TXEphiRoawsCksnlf8SyvmFzIhltqAHluXd88pkCd+cXJVHTDwdCr0IzwptSm035IHQktUu1QUMg=="
    "resolved" "https://registry.npmjs.org/source-map-js/-/source-map-js-1.2.0.tgz"
    "version" "1.2.0"
  
  "source-map-support@~0.5.20":
    "integrity" "sha512-uBHU3L3czsIyYXKX88fdrGovxdSCoTGDRZ6SYXtSRxLZUzHg5P/66Ht6uoUlHu9EZod+inXhKo3qQgwXUT/y1w=="
    "resolved" "https://registry.npmjs.org/source-map-support/-/source-map-support-0.5.21.tgz"
    "version" "0.5.21"
    dependencies:
      "buffer-from" "^1.0.0"
      "source-map" "^0.6.0"
  
  "source-map@^0.6.0":
    "integrity" "sha512-UjgapumWlbMhkBgzT7Ykc5YXUT46F0iKu8SGXq0bcwP5dz/h0Plj6enJqjz1Zbq2l5WaqYnrVbwWOWMyF3F47g=="
    "resolved" "https://registry.npmjs.org/source-map/-/source-map-0.6.1.tgz"
    "version" "0.6.1"
  
  "string-width@^4.1.0", "string-width@^4.2.0", "string-width@^4.2.3":
    "integrity" "sha512-wKyQRQpjJ0sIp62ErSZdGsjMJWsap5oRNihHhu6G7JVO/9jIB6UyevL+tXuOqrng8j/cxKTWyWUwvSTriiZz/g=="
    "resolved" "https://registry.npmjs.org/string-width/-/string-width-4.2.3.tgz"
    "version" "4.2.3"
    dependencies:
      "emoji-regex" "^8.0.0"
      "is-fullwidth-code-point" "^3.0.0"
      "strip-ansi" "^6.0.1"
  
  "strip-ansi@^6.0.0", "strip-ansi@^6.0.1":
    "integrity" "sha512-Y38VPSHcqkFrCpFnQ9vuSXmquuv5oXOKpGeT6aGrr3o3Gc9AlVa6JBfUSOCnbxGGZF+/0ooI7KrPuUSztUdU5A=="
    "resolved" "https://registry.npmjs.org/strip-ansi/-/strip-ansi-6.0.1.tgz"
    "version" "6.0.1"
    dependencies:
      "ansi-regex" "^5.0.1"
  
  "supports-color@^8.0.0":
    "integrity" "sha512-MpUEN2OodtUzxvKQl72cUF7RQ5EiHsGvSsVG0ia9c5RbWGL2CI4C7EpPS8UTBIplnlzZiNuV56w+FuNxy3ty2Q=="
    "resolved" "https://registry.npmjs.org/supports-color/-/supports-color-8.1.1.tgz"
    "version" "8.1.1"
    dependencies:
      "has-flag" "^4.0.0"
  
  "tapable@^2.1.1", "tapable@^2.2.0":
    "integrity" "sha512-GNzQvQTOIP6RyTfE2Qxb8ZVlNmw0n88vp1szwWRimP02mnTsx3Wtn5qRdqY9w2XduFNUgvOwhNnQsjwCp+kqaQ=="
    "resolved" "https://registry.npmjs.org/tapable/-/tapable-2.2.1.tgz"
    "version" "2.2.1"
  
  "terser-webpack-plugin@^5.3.10":
    "integrity" "sha512-BKFPWlPDndPs+NGGCr1U59t0XScL5317Y0UReNrHaw9/FwhPENlq6bfgs+4yPfyP51vqC1bQ4rp1EfXW5ZSH9w=="
    "resolved" "https://registry.npmjs.org/terser-webpack-plugin/-/terser-webpack-plugin-5.3.10.tgz"
    "version" "5.3.10"
    dependencies:
      "@jridgewell/trace-mapping" "^0.3.20"
      "jest-worker" "^27.4.5"
      "schema-utils" "^3.1.1"
      "serialize-javascript" "^6.0.1"
      "terser" "^5.26.0"
  
  "terser@^5.26.0", "terser@^5.4.0":
    "integrity" "sha512-PQ4DAriWzKj+qgehQ7LK5bQqCFNMmlhjR2PFFLuqGCpuCAauxemVBWwWOxo3UIwWQx8+Pr61Df++r76wDmkQBg=="
    "resolved" "https://registry.npmjs.org/terser/-/terser-5.31.6.tgz"
    "version" "5.31.6"
    dependencies:
      "@jridgewell/source-map" "^0.3.3"
      "acorn" "^8.8.2"
      "commander" "^2.20.0"
      "source-map-support" "~0.5.20"
  
  "to-fast-properties@^2.0.0":
    "integrity" "sha512-/OaKK0xYrs3DmxRYqL/yDc+FxFUVYhDlXMhRmv3z915w2HF1tnN1omB354j8VUGO/hbRzyD6Y3sA7v7GS/ceog=="
    "resolved" "https://registry.npmjs.org/to-fast-properties/-/to-fast-properties-2.0.0.tgz"
    "version" "2.0.0"
  
  "to-regex-range@^5.0.1":
    "integrity" "sha512-65P7iz6X5yEr1cwcgvQxbbIw7Uk3gOy5dIdtZ4rDveLqhrdJP+Li/Hx6tyK0NEb+2GCyneCMJiGqrADCSNk8sQ=="
    "resolved" "https://registry.npmjs.org/to-regex-range/-/to-regex-range-5.0.1.tgz"
    "version" "5.0.1"
    dependencies:
      "is-number" "^7.0.0"
  
  "tr46@~0.0.3":
    "integrity" "sha512-N3WMsuqV66lT30CrXNbEjx4GEwlow3v6rr4mCcv6prnfwhS01rkgyFdjPNBYd9br7LpXV1+Emh01fHnq2Gdgrw=="
    "resolved" "https://registry.npmjs.org/tr46/-/tr46-0.0.3.tgz"
    "version" "0.0.3"
  
  "tslib@^2.1.0":
    "integrity" "sha512-xNvxJEOUiWPGhUuUdQgAJPKOOJfGnIyKySOc09XkKsgdUV/3E2zvwZYdejjmRgPCgcym1juLH3226yA7sEFJKQ=="
    "resolved" "https://registry.npmjs.org/tslib/-/tslib-2.6.3.tgz"
    "version" "2.6.3"
  
  "undici-types@~6.13.0":
    "integrity" "sha512-xtFJHudx8S2DSoujjMd1WeWvn7KKWFRESZTMeL1RptAYERu29D6jphMjjY+vn96jvN3kVPDNxU/E13VTaXj6jg=="
    "resolved" "https://registry.npmjs.org/undici-types/-/undici-types-6.13.0.tgz"
    "version" "6.13.0"
  
  "update-browserslist-db@^1.1.0":
    "integrity" "sha512-EdRAaAyk2cUE1wOf2DkEhzxqOQvFOoRJFNS6NeyJ01Gp2beMRpBAINjM2iDXE3KCuKhwnvHIQCJm6ThL2Z+HzQ=="
    "resolved" "https://registry.npmjs.org/update-browserslist-db/-/update-browserslist-db-1.1.0.tgz"
    "version" "1.1.0"
    dependencies:
      "escalade" "^3.1.2"
      "picocolors" "^1.0.1"
  
  "uri-js@^4.2.2":
    "integrity" "sha512-7rKUyy33Q1yc98pQ1DAmLtwX109F7TIfWlW1Ydo8Wl1ii1SeHieeh0HHfPeL2fMXK6z0s8ecKs9frCuLJvndBg=="
    "resolved" "https://registry.npmjs.org/uri-js/-/uri-js-4.4.1.tgz"
    "version" "4.4.1"
    dependencies:
      "punycode" "^2.1.0"
  
  "vite@^5.0.0", "vite@^5.4.0":
    "integrity" "sha512-5xokfMX0PIiwCMCMb9ZJcMyh5wbBun0zUzKib+L65vAZ8GY9ePZMXxFrHbr/Kyll2+LSCY7xtERPpxkBDKngwg=="
    "resolved" "https://registry.npmjs.org/vite/-/vite-5.4.0.tgz"
    "version" "5.4.0"
    dependencies:
      "esbuild" "^0.21.3"
      "postcss" "^8.4.40"
      "rollup" "^4.13.0"
    optionalDependencies:
      "fsevents" "~2.3.3"
  
  "vue-demi@*":
    "integrity" "sha512-nMZBOwuzabUO0nLgIcc6rycZEebF6eeUfaiQx9+WSk8e29IbLvPU9feI6tqW4kTo3hvoYAJkMh8n8D0fuISphg=="
    "resolved" "https://registry.npmjs.org/vue-demi/-/vue-demi-0.14.10.tgz"
    "version" "0.14.10"
  
  "vue-i18n@^9.0.0-rc.2":
    "integrity" "sha512-mh0GIxx0wPtPlcB1q4k277y0iKgo25xmDPWioVVYanjPufDBpvu5ySTjP5wOrSvlYQ2m1xI+CFhGdauv/61uQg=="
    "resolved" "https://registry.npmjs.org/vue-i18n/-/vue-i18n-9.13.1.tgz"
    "version" "9.13.1"
    dependencies:
      "@intlify/core-base" "9.13.1"
      "@intlify/shared" "9.13.1"
      "@vue/devtools-api" "^6.5.0"
  
  "vue-router@^4.0.3":
    "integrity" "sha512-sv6wmNKx2j3aqJQDMxLFzs/u/mjA9Z5LCgy6BE0f7yFWMjrPLnS/sPNn8ARY/FXw6byV18EFutn5lTO6+UsV5A=="
    "resolved" "https://registry.npmjs.org/vue-router/-/vue-router-4.4.3.tgz"
    "version" "4.4.3"
    dependencies:
      "@vue/devtools-api" "^6.6.3"
  
  "vue@^3.0.0-0 || ^2.6.0":
    "integrity" "sha512-x2284lgYvjOMj3Za7kqzRcUSxBboHqtgRE2zlos1qWaOye5yUmHn42LB1250NJBLRwEcdrB0JRwyPTEPhfQjiQ=="
    "resolved" "https://registry.npmjs.org/vue/-/vue-2.6.14.tgz"
    "version" "2.6.14"
  
  "vue@^3.0.0", "vue@^3.2.0", "vue@^3.2.25", "vue@^3.5.0-beta.3", "vue@3.5.0-beta.3":
    "integrity" "sha512-0ibS+nuCPRDKDAmqd/1GRTUX3Mkbsbe+zak/Ym0oiy8LJ0ORNXjFHiLJ2q0H2e8UX/JpEtJ2Kio/bcnqEd8nvw=="
    "resolved" "https://registry.npmjs.org/vue/-/vue-3.5.0-beta.3.tgz"
    "version" "3.5.0-beta.3"
    dependencies:
      "@vue/compiler-dom" "3.5.0-beta.3"
      "@vue/compiler-sfc" "3.5.0-beta.3"
      "@vue/runtime-dom" "3.5.0-beta.3"
      "@vue/server-renderer" "3.5.0-beta.3"
      "@vue/shared" "3.5.0-beta.3"
  
  "vuex@^4.0.0-rc.2":
    "integrity" "sha512-hmV6UerDrPcgbSy9ORAtNXDr9M4wlNP4pEFKye4ujJF8oqgFFuxDCdOLS3eNoRTtq5O3hoBDh9Doj1bQMYHRbQ=="
    "resolved" "https://registry.npmjs.org/vuex/-/vuex-4.1.0.tgz"
    "version" "4.1.0"
    dependencies:
      "@vue/devtools-api" "^6.0.0-beta.11"
  
  "watchpack@^2.4.1":
    "integrity" "sha512-TnbFSbcOCcDgjZ4piURLCbJ3nJhznVh9kw6F6iokjiFPl8ONxe9A6nMDVXDiNbrSfLILs6vB07F7wLBrwPYzJw=="
    "resolved" "https://registry.npmjs.org/watchpack/-/watchpack-2.4.2.tgz"
    "version" "2.4.2"
    dependencies:
      "glob-to-regexp" "^0.4.1"
      "graceful-fs" "^4.1.2"
  
  "webidl-conversions@^3.0.0":
    "integrity" "sha512-2JAn3z8AR6rjK8Sm8orRC0h/bcl/DqL7tRPdGZ4I1CjdF+EaMLmYxBHyXuKL849eucPFhvBoxMsflfOb8kxaeQ=="
    "resolved" "https://registry.npmjs.org/webidl-conversions/-/webidl-conversions-3.0.1.tgz"
    "version" "3.0.1"
  
  "webpack-sources@^3.2.3":
    "integrity" "sha512-/DyMEOrDgLKKIG0fmvtz+4dUX/3Ghozwgm6iPp8KRhvn+eQf9+Q7GWxVNMk3+uCPWfdXYC4ExGBckIXdFEfH1w=="
    "resolved" "https://registry.npmjs.org/webpack-sources/-/webpack-sources-3.2.3.tgz"
    "version" "3.2.3"
  
  "webpack@^4.36.0 || ^5.0.0", "webpack@^5.1.0":
    "integrity" "sha512-Y0m5oEY1LRuwly578VqluorkXbvXKh7U3rLoQCEO04M97ScRr44afGVkI0FQFsXzysk5OgFAxjZAb9rsGQVihA=="
    "resolved" "https://registry.npmjs.org/webpack/-/webpack-5.93.0.tgz"
    "version" "5.93.0"
    dependencies:
      "@types/eslint-scope" "^3.7.3"
      "@types/estree" "^1.0.5"
      "@webassemblyjs/ast" "^1.12.1"
      "@webassemblyjs/wasm-edit" "^1.12.1"
      "@webassemblyjs/wasm-parser" "^1.12.1"
      "acorn" "^8.7.1"
      "acorn-import-attributes" "^1.9.5"
      "browserslist" "^4.21.10"
      "chrome-trace-event" "^1.0.2"
      "enhanced-resolve" "^5.17.0"
      "es-module-lexer" "^1.2.1"
      "eslint-scope" "5.1.1"
      "events" "^3.2.0"
      "glob-to-regexp" "^0.4.1"
      "graceful-fs" "^4.2.11"
      "json-parse-even-better-errors" "^2.3.1"
      "loader-runner" "^4.2.0"
      "mime-types" "^2.1.27"
      "neo-async" "^2.6.2"
      "schema-utils" "^3.2.0"
      "tapable" "^2.1.1"
      "terser-webpack-plugin" "^5.3.10"
      "watchpack" "^2.4.1"
      "webpack-sources" "^3.2.3"
  
  "websocket-driver@>=0.5.1":
    "integrity" "sha512-b17KeDIQVjvb0ssuSDF2cYXSg2iztliJ4B9WdsuB6J952qCPKmnVq4DyW5motImXHDC1cBT/1UezrJVsKw5zjg=="
    "resolved" "https://registry.npmjs.org/websocket-driver/-/websocket-driver-0.7.4.tgz"
    "version" "0.7.4"
    dependencies:
      "http-parser-js" ">=0.5.1"
      "safe-buffer" ">=5.1.0"
      "websocket-extensions" ">=0.1.1"
  
  "websocket-extensions@>=0.1.1":
    "integrity" "sha512-OqedPIGOfsDlo31UNwYbCFMSaO9m9G/0faIHj5/dZFDMFqPTcx6UwqyOy3COEaEOg/9VsGIpdqn62W5KhoKSpg=="
    "resolved" "https://registry.npmjs.org/websocket-extensions/-/websocket-extensions-0.1.4.tgz"
    "version" "0.1.4"
  
  "whatwg-fetch@2.0.4":
    "integrity" "sha512-dcQ1GWpOD/eEQ97k66aiEVpNnapVj90/+R+SXTPYGHpYBBypfKJEQjLrvMZ7YXbKm21gXd4NcuxUTjiv1YtLng=="
    "resolved" "https://registry.npmjs.org/whatwg-fetch/-/whatwg-fetch-2.0.4.tgz"
    "version" "2.0.4"
  
  "whatwg-url@^5.0.0":
    "integrity" "sha512-saE57nupxk6v3HY35+jzBwYa0rKSy0XR8JSxZPwgLr7ys0IBzhGviA1/TUGJLmSVqs8pb9AnvICXEuOHLprYTw=="
    "resolved" "https://registry.npmjs.org/whatwg-url/-/whatwg-url-5.0.0.tgz"
    "version" "5.0.0"
    dependencies:
      "tr46" "~0.0.3"
      "webidl-conversions" "^3.0.0"
  
  "wrap-ansi@^7.0.0":
    "integrity" "sha512-YVGIj2kamLSTxw6NsZjoBxfSwsn0ycdesmc4p+Q21c5zPuZ1pl+NfxVdxPtdHvmNVOQ6XSYG4AUtyt/Fi7D16Q=="
    "resolved" "https://registry.npmjs.org/wrap-ansi/-/wrap-ansi-7.0.0.tgz"
    "version" "7.0.0"
    dependencies:
      "ansi-styles" "^4.0.0"
      "string-width" "^4.1.0"
      "strip-ansi" "^6.0.0"
  
  "xmlhttprequest@1.8.0":
    "integrity" "sha512-58Im/U0mlVBLM38NdZjHyhuMtCqa61469k2YP/AaPbvCoV9aQGUpbJBj1QRm2ytRiVQBD/fsw7L2bJGDVQswBA=="
    "resolved" "https://registry.npmjs.org/xmlhttprequest/-/xmlhttprequest-1.8.0.tgz"
    "version" "1.8.0"
  
  "y18n@^5.0.5":
    "integrity" "sha512-0pfFzegeDWJHJIAmTLRP2DwHjdF5s7jo9tuztdQxAhINCdvS+3nGINqPd00AphqJR/0LhANUS6/+7SCb98YOfA=="
    "resolved" "https://registry.npmjs.org/y18n/-/y18n-5.0.8.tgz"
    "version" "5.0.8"
  
  "yargs-parser@^20.2.2":
    "integrity" "sha512-y11nGElTIV+CT3Zv9t7VKl+Q3hTQoT9a1Qzezhhl6Rp21gJ/IVTW7Z3y9EWXhuUBC2Shnf+DX0antecpAwSP8w=="
    "resolved" "https://registry.npmjs.org/yargs-parser/-/yargs-parser-20.2.9.tgz"
    "version" "20.2.9"
  
  "yargs-parser@^21.1.1":
    "integrity" "sha512-tVpsJW7DdjecAiFpbIB1e3qxIQsE6NoPc5/eTdrbbIC4h0LVsWhnoa3g+m2HclBIujHzsxZ4VJVA+GUuc2/LBw=="
    "resolved" "https://registry.npmjs.org/yargs-parser/-/yargs-parser-21.1.1.tgz"
    "version" "21.1.1"
  
  "yargs@^16.2.0":
    "integrity" "sha512-D1mvvtDG0L5ft/jGWkLpG1+m0eQxOfaBvTNELraWj22wSVUMWxZUvYgJYcKh6jGGIkJFhH4IZPQhR4TKpc8mBw=="
    "resolved" "https://registry.npmjs.org/yargs/-/yargs-16.2.0.tgz"
    "version" "16.2.0"
    dependencies:
      "cliui" "^7.0.2"
      "escalade" "^3.1.1"
      "get-caller-file" "^2.0.5"
      "require-directory" "^2.1.1"
      "string-width" "^4.2.0"
      "y18n" "^5.0.5"
      "yargs-parser" "^20.2.2"
  
  "yargs@^17.7.2":
    "integrity" "sha512-7dSzzRQ++CKnNI/krKnYRV7JKKPUXMEh61soaHKg9mrWEhzFWhFnxPxGl+69cD1Ou63C13NUPCnmIcrvqCuM6w=="
    "resolved" "https://registry.npmjs.org/yargs/-/yargs-17.7.2.tgz"
    "version" "17.7.2"
    dependencies:
      "cliui" "^8.0.1"
      "escalade" "^3.1.1"
      "get-caller-file" "^2.0.5"
      "require-directory" "^2.1.1"
      "string-width" "^4.2.3"
      "y18n" "^5.0.5"
      "yargs-parser" "^21.1.1"
